2026-02-15T17:30:00.071+0700	INFO	repository/order.go:259	Mark orders as shipped...
2026-02-15T17:30:00.277+0700	ERROR	repository/order.go:284	Failed to mark orders as shipped
2026-02-15T17:30:00.279+0700	ERROR	usecase/order.go:433	Failed to update order	{"error": "ERROR: column \"os\" of relation \"order_shippings\" does not exist (SQLSTATE 42703)"}
2026-02-15T18:13:21.604+0700	INFO	repository/order.go:45	Creating order	{"customer_id": 6}
2026-02-15T18:13:21.634+0700	INFO	repository/order.go:57	order created successfully	{"id": 15, "customer_id": 6}
2026-02-15T18:13:21.647+0700	ERROR	repository/inventory.go:56	Error query create inventory	{"error": "ERROR: relation \"inventory_logs\" does not exist (SQLSTATE 42P01)"}
2026-02-15T18:13:21.648+0700	ERROR	usecase/order.go:231	Failed to create inventory log	{"error": "ERROR: relation \"inventory_logs\" does not exist (SQLSTATE 42P01)", "sku_id": 39}
2026-02-15T18:13:21.650+0700	ERROR	usecase/order.go:344	Transaction create order failed	{"error": "ERROR: relation \"inventory_logs\" does not exist (SQLSTATE 42P01)"}
2026-02-15T18:15:00.017+0700	INFO	repository/order.go:259	Mark orders as shipped...
2026-02-15T18:15:00.062+0700	ERROR	repository/order.go:284	Failed to mark orders as shipped
2026-02-15T18:15:00.063+0700	ERROR	usecase/order.go:433	Failed to update order	{"error": "sql: expected 0 arguments, got 3"}
2026-02-15T18:32:00.910+0700	INFO	repository/order.go:45	Creating order	{"customer_id": 6}
2026-02-15T18:32:00.914+0700	INFO	repository/order.go:57	order created successfully	{"id": 16, "customer_id": 6}
2026-02-15T18:32:00.930+0700	ERROR	repository/inventory.go:56	Error query create inventory	{"error": "ERROR: column \"created_at\" of relation \"inventory_logs\" does not exist (SQLSTATE 42703)"}
2026-02-15T18:32:00.936+0700	ERROR	usecase/order.go:231	Failed to create inventory log	{"error": "ERROR: column \"created_at\" of relation \"inventory_logs\" does not exist (SQLSTATE 42703)", "sku_id": 39}
2026-02-15T18:32:00.938+0700	ERROR	usecase/order.go:344	Transaction create order failed	{"error": "ERROR: column \"created_at\" of relation \"inventory_logs\" does not exist (SQLSTATE 42703)"}
2026-02-15T18:34:44.102+0700	INFO	repository/order.go:45	Creating order	{"customer_id": 6}
2026-02-15T18:34:44.126+0700	INFO	repository/order.go:57	order created successfully	{"id": 17, "customer_id": 6}
2026-02-15T18:34:44.152+0700	INFO	repository/product.go:130	Get product by id	{"id": 26}
2026-02-15T18:34:44.185+0700	INFO	repository/order.go:66	Creating order item	{"order_id": 17, "sku_id": 39}
2026-02-15T18:34:44.289+0700	INFO	repository/order.go:80	Order item created successfully	{"id": 25, "order_id": 17, "sku_id": 39}
2026-02-15T18:34:44.293+0700	INFO	repository/product.go:130	Get product by id	{"id": 26}
2026-02-15T18:34:44.318+0700	INFO	repository/order.go:66	Creating order item	{"order_id": 17, "sku_id": 41}
2026-02-15T18:34:44.320+0700	INFO	repository/order.go:80	Order item created successfully	{"id": 26, "order_id": 17, "sku_id": 41}
2026-02-15T18:34:44.326+0700	INFO	repository/product.go:130	Get product by id	{"id": 26}
2026-02-15T18:34:44.366+0700	INFO	repository/order.go:66	Creating order item	{"order_id": 17, "sku_id": 42}
2026-02-15T18:34:44.369+0700	INFO	repository/order.go:80	Order item created successfully	{"id": 27, "order_id": 17, "sku_id": 42}
2026-02-15T18:34:44.372+0700	INFO	repository/order.go:91	Creating order payment	{"order_id": 17, "payment_method_id": 1}
2026-02-15T18:34:44.392+0700	INFO	repository/order.go:105	Order payment created successfully	{"id": 3, "order_id": 17, "payment_method_id": 1}
2026-02-15T18:34:44.703+0700	INFO	repository/order.go:116	Creating order shipping	{"order_id": 17, "courier_name": "21 Express"}
2026-02-15T18:34:44.725+0700	INFO	repository/order.go:130	Order shipping created successfully	{"id": 3, "order_id": 17, "courier_name": "21 Express"}
2026-02-15T18:35:04.855+0700	INFO	repository/order.go:369	Get order by id	{"id": 17}
2026-02-15T18:35:21.798+0700	INFO	repository/order.go:369	Get order by id	{"id": 17}
2026-02-15T18:38:00.002+0700	INFO	repository/order.go:259	Mark orders as shipped...
2026-02-15T18:38:00.136+0700	INFO	repository/order.go:288	Successfully mark orders as shipped
2026-02-15T18:40:00.011+0700	INFO	repository/order.go:296	Mark orders as shipped...
2026-02-15T18:40:00.074+0700	ERROR	repository/order.go:321	Failed to mark orders as delivered
2026-02-15T18:40:00.078+0700	ERROR	usecase/order.go:442	Failed to update order	{"error": "ERROR: column order_shippings.etd_days does not exist (SQLSTATE 42703)"}
2026-02-15T18:40:00.083+0700	ERROR	scheduler/jobs.go:43	cron AutoDelivered failed	{"error": "ERROR: column order_shippings.etd_days does not exist (SQLSTATE 42703)"}
2026-02-15T18:42:00.003+0700	INFO	repository/order.go:333	Mark orders as completed...
2026-02-15T18:42:00.039+0700	ERROR	repository/order.go:358	Failed to mark orders as completed
2026-02-15T18:42:00.040+0700	ERROR	usecase/order.go:451	Failed to update order	{"error": "ERROR: syntax error at or near \"interval\" (SQLSTATE 42601)"}
2026-02-15T18:42:00.041+0700	ERROR	scheduler/jobs.go:57	cron AutoCompleted failed	{"error": "ERROR: syntax error at or near \"interval\" (SQLSTATE 42601)"}
2026-02-15T18:57:57.433+0700	INFO	repository/order.go:369	Get order by id	{"id": 14}
2026-02-15T19:06:22.804+0700	INFO	repository/product.go:130	Get product by id	{"id": 26}
2026-02-15T19:09:31.267+0700	INFO	repository/image.go:47	Creating image	{"product_id": 26, "image_url": "https://res.cloudinary.com/ddyypgybv/image/upload/v1771157370/debian/products/gallery/zjmy6hxodm8h14yivxlh.png"}
2026-02-15T19:09:31.864+0700	INFO	repository/image.go:60	image created successfully	{"id": 75, "image_url": "https://res.cloudinary.com/ddyypgybv/image/upload/v1771157370/debian/products/gallery/zjmy6hxodm8h14yivxlh.png"}
2026-02-15T19:09:34.502+0700	INFO	repository/image.go:47	Creating image	{"product_id": 26, "image_url": "https://res.cloudinary.com/ddyypgybv/image/upload/v1771157374/debian/products/gallery/auklkbttb4gfru4pq9g2.png"}
2026-02-15T19:09:34.520+0700	INFO	repository/image.go:60	image created successfully	{"id": 76, "image_url": "https://res.cloudinary.com/ddyypgybv/image/upload/v1771157374/debian/products/gallery/auklkbttb4gfru4pq9g2.png"}
2026-02-15T19:10:09.075+0700	INFO	repository/product.go:130	Get product by id	{"id": 26}
