2026-03-07T23:48:27.219+0700	INFO	repository/product.go:45	Creating product	{"name": "Laptop ACER 12A5", "category_id": 1}
2026-03-07T23:48:27.326+0700	INFO	repository/product.go:58	Product created successfully	{"id": 45, "name": "Laptop ACER 12A5"}
2026-03-07T23:48:27.326+0700	INFO	repository/variant_type.go:47	Creating variant type	{"name": "color", "product_id": 45}
2026-03-07T23:48:27.330+0700	INFO	repository/variant_type.go:60	Variant type created successfully	{"id": 70, "name": "color"}
2026-03-07T23:48:27.331+0700	INFO	repository/variant_value.go:111	Creating variant value	{"value": "black", "variant_type_id": 70}
2026-03-07T23:48:27.356+0700	INFO	repository/variant_value.go:124	Variant value created successfully	{"id": 153, "value": "black"}
2026-03-07T23:48:27.356+0700	INFO	repository/variant_value.go:111	Creating variant value	{"value": "grey", "variant_type_id": 70}
2026-03-07T23:48:27.359+0700	INFO	repository/variant_value.go:124	Variant value created successfully	{"id": 154, "value": "grey"}
2026-03-07T23:48:27.360+0700	INFO	repository/variant_type.go:47	Creating variant type	{"name": "storage", "product_id": 45}
2026-03-07T23:48:27.361+0700	INFO	repository/variant_type.go:60	Variant type created successfully	{"id": 71, "name": "storage"}
2026-03-07T23:48:27.361+0700	INFO	repository/variant_value.go:111	Creating variant value	{"value": "128GB", "variant_type_id": 71}
2026-03-07T23:48:27.362+0700	INFO	repository/variant_value.go:124	Variant value created successfully	{"id": 155, "value": "128GB"}
2026-03-07T23:48:27.363+0700	INFO	repository/variant_value.go:111	Creating variant value	{"value": "256GB", "variant_type_id": 71}
2026-03-07T23:48:27.365+0700	INFO	repository/variant_value.go:124	Variant value created successfully	{"id": 156, "value": "256GB"}
2026-03-07T23:48:27.477+0700	INFO	repository/sku.go:77	Creating SKU	{"product_id": 45, "sku_code": "kSdVKpVqyz"}
2026-03-07T23:48:27.523+0700	ERROR	repository/sku.go:84	Failed to create SKU	{"sku_code": "kSdVKpVqyz", "error": "ERROR: insert or update on table \"skus\" violates foreign key constraint \"fk_products_sk_us\" (SQLSTATE 23503)"}
2026-03-07T23:48:27.524+0700	ERROR	usecase/product.go:425	Error create SKU	{"error": "ERROR: insert or update on table \"skus\" violates foreign key constraint \"fk_products_sk_us\" (SQLSTATE 23503)"}
2026-03-07T23:48:27.526+0700	ERROR	usecase/product.go:501	Transaction ensure SKU combination failed	{"error": "ERROR: insert or update on table \"skus\" violates foreign key constraint \"fk_products_sk_us\" (SQLSTATE 23503)"}
2026-03-07T23:48:27.528+0700	ERROR	usecase/product.go:106	Failed to create SKUs	{"error": "ERROR: insert or update on table \"skus\" violates foreign key constraint \"fk_products_sk_us\" (SQLSTATE 23503)"}
2026-03-07T23:48:27.529+0700	ERROR	usecase/product.go:114	Transaction create product failed	{"error": "ERROR: insert or update on table \"skus\" violates foreign key constraint \"fk_products_sk_us\" (SQLSTATE 23503)"}
2026-03-08T00:00:00.343+0700	INFO	repository/order.go:343	Mark orders as delivered...
2026-03-08T00:00:03.516+0700	INFO	repository/order.go:372	Successfully mark orders as delivered
