2026-04-01T06:07:21.723+0700	INFO	repository/product.go:283	Get product by slug	{"slug": "whole-dried-lerak-natural-soap-nut-batik-laundry"}
2026-04-01T06:09:54.908+0700	INFO	repository/product.go:283	Get product by slug	{"slug": "whole-dried-lerak-natural-soap-nut-batik-laundry"}
2026-04-01T06:10:24.492+0700	INFO	repository/product.go:283	Get product by slug	{"slug": "whole-dried-lerak-natural-soap-nut-batik-laundry"}
2026-04-01T06:10:44.872+0700	INFO	repository/product.go:283	Get product by slug	{"slug": "whole-dried-lerak-natural-soap-nut-batik-laundry"}
2026-04-01T06:12:40.817+0700	INFO	repository/product.go:283	Get product by slug	{"slug": "whole-dried-lerak-natural-soap-nut-batik-laundry"}
2026-04-01T06:14:03.699+0700	INFO	repository/product.go:283	Get product by slug	{"slug": "whole-dried-lerak-natural-soap-nut-batik-laundry"}
2026-04-01T06:14:26.158+0700	INFO	repository/product.go:283	Get product by slug	{"slug": "whole-dried-lerak-natural-soap-nut-batik-laundry"}
2026-04-01T06:15:15.667+0700	INFO	repository/product.go:283	Get product by slug	{"slug": "whole-dried-lerak-natural-soap-nut-batik-laundry"}
2026-04-01T06:15:51.124+0700	INFO	repository/product.go:283	Get product by slug	{"slug": "whole-dried-lerak-natural-soap-nut-batik-laundry"}
2026-04-01T06:16:36.770+0700	INFO	repository/product.go:283	Get product by slug	{"slug": "whole-dried-lerak-natural-soap-nut-batik-laundry"}
2026-04-01T06:16:45.577+0700	INFO	repository/product.go:283	Get product by slug	{"slug": "whole-dried-lerak-natural-soap-nut-batik-laundry"}
2026-04-01T06:16:49.763+0700	INFO	repository/product.go:283	Get product by slug	{"slug": "whole-dried-lerak-natural-soap-nut-batik-laundry"}
2026-04-01T06:16:50.271+0700	INFO	repository/product.go:283	Get product by slug	{"slug": "whole-dried-lerak-natural-soap-nut-batik-laundry"}
2026-04-01T06:17:24.519+0700	INFO	repository/product.go:283	Get product by slug	{"slug": "whole-dried-lerak-natural-soap-nut-batik-laundry"}
2026-04-01T06:17:34.259+0700	INFO	repository/product.go:283	Get product by slug	{"slug": "whole-dried-lerak-natural-soap-nut-batik-laundry"}
2026-04-01T06:18:03.709+0700	INFO	repository/product.go:283	Get product by slug	{"slug": "whole-dried-lerak-natural-soap-nut-batik-laundry"}
2026-04-01T06:18:33.748+0700	INFO	repository/product.go:283	Get product by slug	{"slug": "whole-dried-lerak-natural-soap-nut-batik-laundry"}
2026-04-01T06:18:47.074+0700	INFO	repository/product.go:283	Get product by slug	{"slug": "whole-dried-lerak-natural-soap-nut-batik-laundry"}
2026-04-01T06:19:44.189+0700	INFO	repository/product.go:283	Get product by slug	{"slug": "whole-dried-lerak-natural-soap-nut-batik-laundry"}
2026-04-01T06:20:20.496+0700	INFO	repository/product.go:283	Get product by slug	{"slug": "whole-dried-lerak-natural-soap-nut-batik-laundry"}
2026-04-01T06:20:36.462+0700	INFO	repository/product.go:283	Get product by slug	{"slug": "whole-dried-lerak-natural-soap-nut-batik-laundry"}
2026-04-01T06:20:37.289+0700	INFO	repository/product.go:283	Get product by slug	{"slug": "whole-dried-lerak-natural-soap-nut-batik-laundry"}
2026-04-01T06:21:06.119+0700	INFO	repository/product.go:283	Get product by slug	{"slug": "whole-dried-lerak-natural-soap-nut-batik-laundry"}
2026-04-01T06:21:17.673+0700	INFO	repository/product.go:283	Get product by slug	{"slug": "whole-dried-lerak-natural-soap-nut-batik-laundry"}
2026-04-01T06:21:32.004+0700	INFO	repository/product.go:283	Get product by slug	{"slug": "whole-dried-lerak-natural-soap-nut-batik-laundry"}
2026-04-01T06:21:49.769+0700	INFO	repository/product.go:283	Get product by slug	{"slug": "whole-dried-lerak-natural-soap-nut-batik-laundry"}
2026-04-01T06:22:06.442+0700	INFO	repository/product.go:283	Get product by slug	{"slug": "whole-dried-lerak-natural-soap-nut-batik-laundry"}
2026-04-01T06:22:11.284+0700	INFO	repository/product.go:283	Get product by slug	{"slug": "whole-dried-lerak-natural-soap-nut-batik-laundry"}
2026-04-01T06:22:20.084+0700	INFO	repository/product.go:283	Get product by slug	{"slug": "whole-dried-lerak-natural-soap-nut-batik-laundry"}
2026-04-01T06:22:35.956+0700	INFO	repository/product.go:283	Get product by slug	{"slug": "whole-dried-lerak-natural-soap-nut-batik-laundry"}
2026-04-01T06:23:09.323+0700	INFO	repository/product.go:283	Get product by slug	{"slug": "whole-dried-lerak-natural-soap-nut-batik-laundry"}
2026-04-01T06:23:56.465+0700	INFO	repository/product.go:283	Get product by slug	{"slug": "whole-dried-lerak-natural-soap-nut-batik-laundry"}
2026-04-01T06:24:10.429+0700	INFO	repository/product.go:283	Get product by slug	{"slug": "whole-dried-lerak-natural-soap-nut-batik-laundry"}
2026-04-01T06:25:26.719+0700	INFO	repository/product.go:283	Get product by slug	{"slug": "whole-dried-lerak-natural-soap-nut-batik-laundry"}
2026-04-01T06:25:55.870+0700	INFO	repository/product.go:283	Get product by slug	{"slug": "whole-dried-lerak-natural-soap-nut-batik-laundry"}
2026-04-01T06:27:05.892+0700	ERROR	usecase/shipping.go:38	Failed to get shipping origin address	{"error": "record not found"}
2026-04-01T06:27:06.618+0700	ERROR	usecase/shipping.go:103	Error decode shipping options	{"error": "failed fetch https://rajaongkir.komerce.id/api/v1/calculate/district/domestic-cost: status 422"}
2026-04-01T08:32:23.859+0700	ERROR	usecase/shipping.go:38	Failed to get shipping origin address	{"error": "record not found"}
2026-04-01T08:32:24.733+0700	ERROR	usecase/shipping.go:103	Error decode shipping options	{"error": "failed fetch https://rajaongkir.komerce.id/api/v1/calculate/district/domestic-cost: status 422"}
2026-04-01T08:32:52.455+0700	ERROR	usecase/shipping.go:38	Failed to get shipping origin address	{"error": "record not found"}
2026-04-01T08:33:02.542+0700	ERROR	utils/external.go:24	Error request fetch	{"error": "Post \"https://rajaongkir.komerce.id/api/v1/calculate/district/domestic-cost\": context deadline exceeded (Client.Timeout exceeded while awaiting headers)"}
2026-04-01T08:33:02.560+0700	ERROR	usecase/shipping.go:103	Error decode shipping options	{"error": "Post \"https://rajaongkir.komerce.id/api/v1/calculate/district/domestic-cost\": context deadline exceeded (Client.Timeout exceeded while awaiting headers)"}
2026-04-01T08:33:08.533+0700	INFO	repository/order.go:47	Creating order	{"customer_id": 1}
2026-04-01T08:33:09.032+0700	INFO	repository/order.go:59	order created successfully	{"id": 11, "customer_id": 1}
2026-04-01T08:33:09.241+0700	INFO	repository/product.go:256	Get product by ids	{"id": [19]}
2026-04-01T08:33:09.293+0700	INFO	repository/order.go:68	Creating order items	{"order_ids": [{"ID":0,"CreatedAt":"0001-01-01T00:00:00Z","UpdatedAt":"0001-01-01T00:00:00Z","DeletedAt":null,"OrderID":11,"SKUID":59,"Quantity":1,"UnitPrice":12500,"TotalPrice":12500,"ProductSnapshot":{"id":19,"name":"Whole Dried Lerak - Natural Soap Nut for Batik \u0026 Laundry","category":"Home \u0026 Cleaning","tags":["whole lerak","buah lerak utuh","soap nut","natural detergent","batik care","traditional","saponin"],"main_image_url":"https://down-id.img.susercontent.com/file/sg-11134201-22110-591szrfpjckva1_tn"},"SKUSnapshot":{"id":59,"sku_code":"LER-WHL-100g-495-uLApJ","price":12500,"sale_price":null,"variants":[{"name":"Pack Size","value":"Trial Pack - 100g"}]},"SKU":{"ID":0,"CreatedAt":"0001-01-01T00:00:00Z","UpdatedAt":"0001-01-01T00:00:00Z","DeletedAt":null,"ProductID":0,"SKUCode":"","price":0,"sale_price":null,"stock":0,"min_stock":0,"status":"","weight_gram":0,"product":{"ID":0,"CreatedAt":"0001-01-01T00:00:00Z","UpdatedAt":"0001-01-01T00:00:00Z","DeletedAt":null,"category_id":0,"name":"","is_published":false,"slug":"","main_image_url":"","main_image_public_id":"","review_count":0,"sold_count":0,"min_price":0,"max_price":0,"category":{"ID":0,"CreatedAt":"0001-01-01T00:00:00Z","UpdatedAt":"0001-01-01T00:00:00Z","DeletedAt":null,"name":"","icon_public_id":""}},"SKUVariantValues":null}}]}
2026-04-01T08:33:09.528+0700	INFO	repository/order.go:79	Order item created successfully
2026-04-01T08:33:09.529+0700	INFO	repository/order.go:87	Creating order payment	{"order_id": 11, "payment_method_id": 0}
2026-04-01T08:33:09.695+0700	INFO	repository/order.go:101	Order payment created successfully	{"id": 8, "order_id": 11, "payment_method_id": 0}
2026-04-01T08:33:09.745+0700	INFO	repository/order.go:112	Creating order shipping	{"order_id": 11, "courier_name": "21 Express"}
2026-04-01T08:33:09.825+0700	INFO	repository/order.go:126	Order shipping created successfully	{"id": 8, "order_id": 11, "courier_name": "21 Express"}
2026-04-01T08:33:09.840+0700	INFO	usecase/order.go:47	CreateOrder duration	{"duration": "1.6591278s"}
2026-04-01T09:23:07.963+0700	INFO	repository/order.go:433	Get order by id	{"id": 0}
2026-04-01T09:23:08.527+0700	WARN	repository/order.go:443	order not found	{"id": 0}
2026-04-01T09:23:08.532+0700	ERROR	usecase/order.go:1092	Failed to get order details	{"error": "order not found", "order id": 0}
2026-04-01T09:23:09.858+0700	INFO	repository/order.go:433	Get order by id	{"id": 0}
2026-04-01T09:23:09.881+0700	WARN	repository/order.go:443	order not found	{"id": 0}
2026-04-01T09:23:09.881+0700	ERROR	usecase/order.go:1092	Failed to get order details	{"error": "order not found", "order id": 0}
2026-04-01T09:23:11.904+0700	INFO	repository/order.go:433	Get order by id	{"id": 0}
2026-04-01T09:23:11.908+0700	WARN	repository/order.go:443	order not found	{"id": 0}
2026-04-01T09:23:11.908+0700	ERROR	usecase/order.go:1092	Failed to get order details	{"error": "order not found", "order id": 0}
2026-04-01T09:23:15.927+0700	INFO	repository/order.go:433	Get order by id	{"id": 0}
2026-04-01T09:23:15.959+0700	WARN	repository/order.go:443	order not found	{"id": 0}
2026-04-01T09:23:15.959+0700	ERROR	usecase/order.go:1092	Failed to get order details	{"error": "order not found", "order id": 0}
2026-04-01T09:25:02.091+0700	INFO	repository/order.go:433	Get order by id	{"id": 0}
2026-04-01T09:25:02.189+0700	WARN	repository/order.go:443	order not found	{"id": 0}
2026-04-01T09:25:02.189+0700	ERROR	usecase/order.go:1092	Failed to get order details	{"error": "order not found", "order id": 0}
2026-04-01T09:25:04.284+0700	INFO	repository/order.go:433	Get order by id	{"id": 0}
2026-04-01T09:25:04.319+0700	WARN	repository/order.go:443	order not found	{"id": 0}
2026-04-01T09:25:04.319+0700	ERROR	usecase/order.go:1092	Failed to get order details	{"error": "order not found", "order id": 0}
2026-04-01T09:25:06.374+0700	INFO	repository/order.go:433	Get order by id	{"id": 0}
2026-04-01T09:25:06.544+0700	WARN	repository/order.go:443	order not found	{"id": 0}
2026-04-01T09:25:06.544+0700	ERROR	usecase/order.go:1092	Failed to get order details	{"error": "order not found", "order id": 0}
2026-04-01T09:25:10.905+0700	INFO	repository/order.go:433	Get order by id	{"id": 0}
2026-04-01T09:25:10.917+0700	WARN	repository/order.go:443	order not found	{"id": 0}
2026-04-01T09:25:10.919+0700	ERROR	usecase/order.go:1092	Failed to get order details	{"error": "order not found", "order id": 0}
2026-04-01T09:25:38.993+0700	INFO	repository/order.go:433	Get order by id	{"id": 0}
2026-04-01T09:25:38.996+0700	WARN	repository/order.go:443	order not found	{"id": 0}
2026-04-01T09:25:38.996+0700	ERROR	usecase/order.go:1092	Failed to get order details	{"error": "order not found", "order id": 0}
2026-04-01T09:25:40.037+0700	INFO	repository/order.go:433	Get order by id	{"id": 0}
2026-04-01T09:25:40.051+0700	WARN	repository/order.go:443	order not found	{"id": 0}
2026-04-01T09:25:40.051+0700	ERROR	usecase/order.go:1092	Failed to get order details	{"error": "order not found", "order id": 0}
2026-04-01T09:25:42.102+0700	INFO	repository/order.go:433	Get order by id	{"id": 0}
2026-04-01T09:25:42.103+0700	WARN	repository/order.go:443	order not found	{"id": 0}
2026-04-01T09:25:42.103+0700	ERROR	usecase/order.go:1092	Failed to get order details	{"error": "order not found", "order id": 0}
2026-04-01T09:25:46.130+0700	INFO	repository/order.go:433	Get order by id	{"id": 0}
2026-04-01T09:25:46.133+0700	WARN	repository/order.go:443	order not found	{"id": 0}
2026-04-01T09:25:46.134+0700	ERROR	usecase/order.go:1092	Failed to get order details	{"error": "order not found", "order id": 0}
2026-04-01T09:26:02.930+0700	INFO	repository/order.go:433	Get order by id	{"id": 0}
2026-04-01T09:26:02.936+0700	WARN	repository/order.go:443	order not found	{"id": 0}
2026-04-01T09:26:02.937+0700	ERROR	usecase/order.go:1092	Failed to get order details	{"error": "order not found", "order id": 0}
2026-04-01T09:26:03.973+0700	INFO	repository/order.go:433	Get order by id	{"id": 0}
2026-04-01T09:26:03.974+0700	WARN	repository/order.go:443	order not found	{"id": 0}
2026-04-01T09:26:03.975+0700	ERROR	usecase/order.go:1092	Failed to get order details	{"error": "order not found", "order id": 0}
2026-04-01T09:26:06.014+0700	INFO	repository/order.go:433	Get order by id	{"id": 0}
2026-04-01T09:26:06.024+0700	WARN	repository/order.go:443	order not found	{"id": 0}
2026-04-01T09:26:06.028+0700	ERROR	usecase/order.go:1092	Failed to get order details	{"error": "order not found", "order id": 0}
2026-04-01T09:26:10.165+0700	INFO	repository/order.go:433	Get order by id	{"id": 0}
2026-04-01T09:26:10.174+0700	WARN	repository/order.go:443	order not found	{"id": 0}
2026-04-01T09:26:10.175+0700	ERROR	usecase/order.go:1092	Failed to get order details	{"error": "order not found", "order id": 0}
2026-04-01T09:26:47.495+0700	INFO	repository/order.go:433	Get order by id	{"id": 0}
2026-04-01T09:26:47.511+0700	WARN	repository/order.go:443	order not found	{"id": 0}
2026-04-01T09:26:47.511+0700	ERROR	usecase/order.go:1092	Failed to get order details	{"error": "order not found", "order id": 0}
2026-04-01T09:26:48.557+0700	INFO	repository/order.go:433	Get order by id	{"id": 0}
2026-04-01T09:26:48.576+0700	WARN	repository/order.go:443	order not found	{"id": 0}
2026-04-01T09:26:48.576+0700	ERROR	usecase/order.go:1092	Failed to get order details	{"error": "order not found", "order id": 0}
2026-04-01T09:27:01.722+0700	INFO	repository/order.go:433	Get order by id	{"id": 0}
2026-04-01T09:27:01.798+0700	WARN	repository/order.go:443	order not found	{"id": 0}
2026-04-01T09:27:01.809+0700	ERROR	usecase/order.go:1092	Failed to get order details	{"error": "order not found", "order id": 0}
2026-04-01T09:27:05.891+0700	INFO	repository/order.go:433	Get order by id	{"id": 0}
2026-04-01T09:27:05.900+0700	WARN	repository/order.go:443	order not found	{"id": 0}
2026-04-01T09:27:05.902+0700	ERROR	usecase/order.go:1092	Failed to get order details	{"error": "order not found", "order id": 0}
2026-04-01T09:27:13.147+0700	INFO	repository/order.go:433	Get order by id	{"id": 0}
2026-04-01T09:27:13.149+0700	WARN	repository/order.go:443	order not found	{"id": 0}
2026-04-01T09:27:13.149+0700	ERROR	usecase/order.go:1092	Failed to get order details	{"error": "order not found", "order id": 0}
2026-04-01T09:27:14.273+0700	INFO	repository/order.go:433	Get order by id	{"id": 0}
2026-04-01T09:27:14.278+0700	WARN	repository/order.go:443	order not found	{"id": 0}
2026-04-01T09:27:14.292+0700	ERROR	usecase/order.go:1092	Failed to get order details	{"error": "order not found", "order id": 0}
2026-04-01T09:27:16.356+0700	INFO	repository/order.go:433	Get order by id	{"id": 0}
2026-04-01T09:27:16.358+0700	WARN	repository/order.go:443	order not found	{"id": 0}
2026-04-01T09:27:16.358+0700	ERROR	usecase/order.go:1092	Failed to get order details	{"error": "order not found", "order id": 0}
2026-04-01T09:27:20.888+0700	INFO	repository/order.go:433	Get order by id	{"id": 0}
2026-04-01T09:27:20.910+0700	WARN	repository/order.go:443	order not found	{"id": 0}
2026-04-01T09:27:20.912+0700	ERROR	usecase/order.go:1092	Failed to get order details	{"error": "order not found", "order id": 0}
2026-04-01T09:28:06.722+0700	INFO	repository/order.go:433	Get order by id	{"id": 0}
2026-04-01T09:28:06.758+0700	WARN	repository/order.go:443	order not found	{"id": 0}
2026-04-01T09:28:06.758+0700	ERROR	usecase/order.go:1092	Failed to get order details	{"error": "order not found", "order id": 0}
2026-04-01T09:28:08.164+0700	INFO	repository/order.go:433	Get order by id	{"id": 0}
2026-04-01T09:28:08.177+0700	WARN	repository/order.go:443	order not found	{"id": 0}
2026-04-01T09:28:08.178+0700	ERROR	usecase/order.go:1092	Failed to get order details	{"error": "order not found", "order id": 0}
2026-04-01T09:28:10.214+0700	INFO	repository/order.go:433	Get order by id	{"id": 0}
2026-04-01T09:28:10.223+0700	WARN	repository/order.go:443	order not found	{"id": 0}
2026-04-01T09:28:10.224+0700	ERROR	usecase/order.go:1092	Failed to get order details	{"error": "order not found", "order id": 0}
2026-04-01T09:28:14.249+0700	INFO	repository/order.go:433	Get order by id	{"id": 0}
2026-04-01T09:28:14.251+0700	WARN	repository/order.go:443	order not found	{"id": 0}
2026-04-01T09:28:14.252+0700	ERROR	usecase/order.go:1092	Failed to get order details	{"error": "order not found", "order id": 0}
2026-04-01T09:29:07.272+0700	INFO	repository/order.go:433	Get order by id	{"id": 0}
2026-04-01T09:29:07.343+0700	WARN	repository/order.go:443	order not found	{"id": 0}
2026-04-01T09:29:07.344+0700	ERROR	usecase/order.go:1092	Failed to get order details	{"error": "order not found", "order id": 0}
2026-04-01T09:29:08.410+0700	INFO	repository/order.go:433	Get order by id	{"id": 0}
2026-04-01T09:29:08.415+0700	WARN	repository/order.go:443	order not found	{"id": 0}
2026-04-01T09:29:08.425+0700	ERROR	usecase/order.go:1092	Failed to get order details	{"error": "order not found", "order id": 0}
2026-04-01T09:29:10.464+0700	INFO	repository/order.go:433	Get order by id	{"id": 0}
2026-04-01T09:29:10.477+0700	WARN	repository/order.go:443	order not found	{"id": 0}
2026-04-01T09:29:10.478+0700	ERROR	usecase/order.go:1092	Failed to get order details	{"error": "order not found", "order id": 0}
2026-04-01T09:29:14.537+0700	INFO	repository/order.go:433	Get order by id	{"id": 0}
2026-04-01T09:29:14.539+0700	WARN	repository/order.go:443	order not found	{"id": 0}
2026-04-01T09:29:14.539+0700	ERROR	usecase/order.go:1092	Failed to get order details	{"error": "order not found", "order id": 0}
2026-04-01T09:29:21.820+0700	INFO	repository/order.go:433	Get order by id	{"id": 0}
2026-04-01T09:29:21.835+0700	WARN	repository/order.go:443	order not found	{"id": 0}
2026-04-01T09:29:21.837+0700	ERROR	usecase/order.go:1092	Failed to get order details	{"error": "order not found", "order id": 0}
2026-04-01T09:29:22.877+0700	INFO	repository/order.go:433	Get order by id	{"id": 0}
2026-04-01T09:29:22.880+0700	WARN	repository/order.go:443	order not found	{"id": 0}
2026-04-01T09:29:22.880+0700	ERROR	usecase/order.go:1092	Failed to get order details	{"error": "order not found", "order id": 0}
2026-04-01T09:29:24.906+0700	INFO	repository/order.go:433	Get order by id	{"id": 0}
2026-04-01T09:29:24.917+0700	WARN	repository/order.go:443	order not found	{"id": 0}
2026-04-01T09:29:24.921+0700	ERROR	usecase/order.go:1092	Failed to get order details	{"error": "order not found", "order id": 0}
2026-04-01T09:29:28.964+0700	INFO	repository/order.go:433	Get order by id	{"id": 0}
2026-04-01T09:29:28.967+0700	WARN	repository/order.go:443	order not found	{"id": 0}
2026-04-01T09:29:28.968+0700	ERROR	usecase/order.go:1092	Failed to get order details	{"error": "order not found", "order id": 0}
2026-04-01T09:29:50.688+0700	INFO	repository/order.go:433	Get order by id	{"id": 0}
2026-04-01T09:29:50.811+0700	WARN	repository/order.go:443	order not found	{"id": 0}
2026-04-01T09:29:50.811+0700	ERROR	usecase/order.go:1092	Failed to get order details	{"error": "order not found", "order id": 0}
2026-04-01T09:29:51.901+0700	INFO	repository/order.go:433	Get order by id	{"id": 0}
2026-04-01T09:29:51.924+0700	WARN	repository/order.go:443	order not found	{"id": 0}
2026-04-01T09:29:51.925+0700	ERROR	usecase/order.go:1092	Failed to get order details	{"error": "order not found", "order id": 0}
2026-04-01T09:29:53.955+0700	INFO	repository/order.go:433	Get order by id	{"id": 0}
2026-04-01T09:29:53.967+0700	WARN	repository/order.go:443	order not found	{"id": 0}
2026-04-01T09:29:53.968+0700	ERROR	usecase/order.go:1092	Failed to get order details	{"error": "order not found", "order id": 0}
2026-04-01T09:30:20.539+0700	INFO	repository/order.go:433	Get order by id	{"id": 0}
2026-04-01T09:30:20.573+0700	WARN	repository/order.go:443	order not found	{"id": 0}
2026-04-01T09:30:20.573+0700	ERROR	usecase/order.go:1092	Failed to get order details	{"error": "order not found", "order id": 0}
2026-04-01T09:30:21.381+0700	INFO	repository/order.go:433	Get order by id	{"id": 0}
2026-04-01T09:30:21.397+0700	WARN	repository/order.go:443	order not found	{"id": 0}
2026-04-01T09:30:21.397+0700	ERROR	usecase/order.go:1092	Failed to get order details	{"error": "order not found", "order id": 0}
2026-04-01T09:30:22.456+0700	INFO	repository/order.go:433	Get order by id	{"id": 0}
2026-04-01T09:30:22.461+0700	WARN	repository/order.go:443	order not found	{"id": 0}
2026-04-01T09:30:22.462+0700	ERROR	usecase/order.go:1092	Failed to get order details	{"error": "order not found", "order id": 0}
2026-04-01T09:30:24.509+0700	INFO	repository/order.go:433	Get order by id	{"id": 0}
2026-04-01T09:30:24.522+0700	WARN	repository/order.go:443	order not found	{"id": 0}
2026-04-01T09:30:24.523+0700	ERROR	usecase/order.go:1092	Failed to get order details	{"error": "order not found", "order id": 0}
2026-04-01T09:30:28.554+0700	INFO	repository/order.go:433	Get order by id	{"id": 0}
2026-04-01T09:30:28.564+0700	WARN	repository/order.go:443	order not found	{"id": 0}
2026-04-01T09:30:28.572+0700	ERROR	usecase/order.go:1092	Failed to get order details	{"error": "order not found", "order id": 0}
2026-04-01T09:30:42.348+0700	INFO	repository/order.go:433	Get order by id	{"id": 0}
2026-04-01T09:30:42.350+0700	WARN	repository/order.go:443	order not found	{"id": 0}
2026-04-01T09:30:42.350+0700	ERROR	usecase/order.go:1092	Failed to get order details	{"error": "order not found", "order id": 0}
2026-04-01T09:30:43.364+0700	INFO	repository/order.go:433	Get order by id	{"id": 0}
2026-04-01T09:30:43.368+0700	WARN	repository/order.go:443	order not found	{"id": 0}
2026-04-01T09:30:43.369+0700	ERROR	usecase/order.go:1092	Failed to get order details	{"error": "order not found", "order id": 0}
2026-04-01T09:30:45.400+0700	INFO	repository/order.go:433	Get order by id	{"id": 0}
2026-04-01T09:30:45.402+0700	WARN	repository/order.go:443	order not found	{"id": 0}
2026-04-01T09:30:45.402+0700	ERROR	usecase/order.go:1092	Failed to get order details	{"error": "order not found", "order id": 0}
2026-04-01T09:31:00.523+0700	INFO	repository/order.go:433	Get order by id	{"id": 0}
2026-04-01T09:31:00.526+0700	WARN	repository/order.go:443	order not found	{"id": 0}
2026-04-01T09:31:00.527+0700	ERROR	usecase/order.go:1092	Failed to get order details	{"error": "order not found", "order id": 0}
2026-04-01T09:34:26.568+0700	INFO	repository/order.go:433	Get order by id	{"id": 0}
2026-04-01T09:34:29.293+0700	WARN	repository/order.go:443	order not found	{"id": 0}
2026-04-01T09:34:29.297+0700	ERROR	usecase/order.go:1092	Failed to get order details	{"error": "order not found", "order id": 0}
2026-04-01T09:34:31.247+0700	INFO	repository/order.go:433	Get order by id	{"id": 0}
2026-04-01T09:34:31.372+0700	WARN	repository/order.go:443	order not found	{"id": 0}
2026-04-01T09:34:31.372+0700	ERROR	usecase/order.go:1092	Failed to get order details	{"error": "order not found", "order id": 0}
2026-04-01T09:34:33.767+0700	INFO	repository/order.go:433	Get order by id	{"id": 0}
2026-04-01T09:34:33.794+0700	WARN	repository/order.go:443	order not found	{"id": 0}
2026-04-01T09:34:33.795+0700	ERROR	usecase/order.go:1092	Failed to get order details	{"error": "order not found", "order id": 0}
2026-04-01T09:34:37.826+0700	INFO	repository/order.go:433	Get order by id	{"id": 0}
2026-04-01T09:34:37.831+0700	WARN	repository/order.go:443	order not found	{"id": 0}
2026-04-01T09:34:37.832+0700	ERROR	usecase/order.go:1092	Failed to get order details	{"error": "order not found", "order id": 0}
2026-04-01T09:34:39.919+0700	INFO	repository/order.go:433	Get order by id	{"id": 0}
2026-04-01T09:34:39.932+0700	WARN	repository/order.go:443	order not found	{"id": 0}
2026-04-01T09:34:39.932+0700	ERROR	usecase/order.go:1092	Failed to get order details	{"error": "order not found", "order id": 0}
2026-04-01T09:34:41.126+0700	INFO	repository/order.go:433	Get order by id	{"id": 0}
2026-04-01T09:34:41.130+0700	WARN	repository/order.go:443	order not found	{"id": 0}
2026-04-01T09:34:41.131+0700	ERROR	usecase/order.go:1092	Failed to get order details	{"error": "order not found", "order id": 0}
2026-04-01T09:34:43.201+0700	INFO	repository/order.go:433	Get order by id	{"id": 0}
2026-04-01T09:34:43.648+0700	WARN	repository/order.go:443	order not found	{"id": 0}
2026-04-01T09:34:43.650+0700	ERROR	usecase/order.go:1092	Failed to get order details	{"error": "order not found", "order id": 0}
2026-04-01T09:34:47.740+0700	INFO	repository/order.go:433	Get order by id	{"id": 0}
2026-04-01T09:34:47.750+0700	WARN	repository/order.go:443	order not found	{"id": 0}
2026-04-01T09:34:47.752+0700	ERROR	usecase/order.go:1092	Failed to get order details	{"error": "order not found", "order id": 0}
2026-04-01T11:12:13.459+0700	INFO	repository/order.go:433	Get order by id	{"id": 0}
2026-04-01T11:12:19.184+0700	WARN	repository/order.go:443	order not found	{"id": 0}
2026-04-01T11:12:19.184+0700	ERROR	usecase/order.go:1092	Failed to get order details	{"error": "order not found", "order id": 0}
2026-04-01T11:12:20.568+0700	INFO	repository/order.go:433	Get order by id	{"id": 0}
2026-04-01T11:12:20.584+0700	WARN	repository/order.go:443	order not found	{"id": 0}
2026-04-01T11:12:20.585+0700	ERROR	usecase/order.go:1092	Failed to get order details	{"error": "order not found", "order id": 0}
2026-04-01T11:12:22.603+0700	INFO	repository/order.go:433	Get order by id	{"id": 0}
2026-04-01T11:12:22.605+0700	WARN	repository/order.go:443	order not found	{"id": 0}
2026-04-01T11:12:22.605+0700	ERROR	usecase/order.go:1092	Failed to get order details	{"error": "order not found", "order id": 0}
2026-04-01T11:12:26.634+0700	INFO	repository/order.go:433	Get order by id	{"id": 0}
2026-04-01T11:12:26.637+0700	WARN	repository/order.go:443	order not found	{"id": 0}
2026-04-01T11:12:26.637+0700	ERROR	usecase/order.go:1092	Failed to get order details	{"error": "order not found", "order id": 0}
2026-04-01T11:22:34.188+0700	INFO	repository/order.go:433	Get order by id	{"id": 0}
2026-04-01T11:22:34.379+0700	WARN	repository/order.go:443	order not found	{"id": 0}
2026-04-01T11:22:34.379+0700	ERROR	usecase/order.go:1092	Failed to get order details	{"error": "order not found", "order id": 0}
2026-04-01T11:22:35.803+0700	INFO	repository/order.go:433	Get order by id	{"id": 0}
2026-04-01T11:22:35.816+0700	WARN	repository/order.go:443	order not found	{"id": 0}
2026-04-01T11:22:35.816+0700	ERROR	usecase/order.go:1092	Failed to get order details	{"error": "order not found", "order id": 0}
2026-04-01T11:22:37.857+0700	INFO	repository/order.go:433	Get order by id	{"id": 0}
2026-04-01T11:22:37.898+0700	WARN	repository/order.go:443	order not found	{"id": 0}
2026-04-01T11:22:37.898+0700	ERROR	usecase/order.go:1092	Failed to get order details	{"error": "order not found", "order id": 0}
2026-04-01T11:22:41.922+0700	INFO	repository/order.go:433	Get order by id	{"id": 0}
2026-04-01T11:22:41.924+0700	WARN	repository/order.go:443	order not found	{"id": 0}
2026-04-01T11:22:41.924+0700	ERROR	usecase/order.go:1092	Failed to get order details	{"error": "order not found", "order id": 0}
2026-04-01T11:22:51.224+0700	INFO	repository/order.go:433	Get order by id	{"id": 0}
2026-04-01T11:22:51.234+0700	WARN	repository/order.go:443	order not found	{"id": 0}
2026-04-01T11:22:51.235+0700	ERROR	usecase/order.go:1092	Failed to get order details	{"error": "order not found", "order id": 0}
2026-04-01T11:22:53.529+0700	INFO	repository/order.go:433	Get order by id	{"id": 0}
2026-04-01T11:22:53.552+0700	WARN	repository/order.go:443	order not found	{"id": 0}
2026-04-01T11:22:53.552+0700	ERROR	usecase/order.go:1092	Failed to get order details	{"error": "order not found", "order id": 0}
2026-04-01T11:22:55.592+0700	INFO	repository/order.go:433	Get order by id	{"id": 0}
2026-04-01T11:22:55.601+0700	WARN	repository/order.go:443	order not found	{"id": 0}
2026-04-01T11:22:55.601+0700	ERROR	usecase/order.go:1092	Failed to get order details	{"error": "order not found", "order id": 0}
2026-04-01T11:22:59.763+0700	INFO	repository/order.go:433	Get order by id	{"id": 0}
2026-04-01T11:22:59.773+0700	WARN	repository/order.go:443	order not found	{"id": 0}
2026-04-01T11:22:59.787+0700	ERROR	usecase/order.go:1092	Failed to get order details	{"error": "order not found", "order id": 0}
2026-04-01T11:23:15.290+0700	INFO	repository/order.go:433	Get order by id	{"id": 11}
2026-04-01T11:25:20.002+0700	INFO	repository/order.go:433	Get order by id	{"id": 11}
2026-04-01T11:25:52.205+0700	INFO	repository/order.go:433	Get order by id	{"id": 11}
2026-04-01T11:26:03.768+0700	INFO	repository/order.go:433	Get order by id	{"id": 11}
2026-04-01T11:26:06.298+0700	INFO	repository/order.go:433	Get order by id	{"id": 11}
2026-04-01T11:26:17.547+0700	INFO	repository/order.go:433	Get order by id	{"id": 11}
2026-04-01T11:26:17.978+0700	INFO	repository/order.go:433	Get order by id	{"id": 11}
2026-04-01T11:26:35.422+0700	INFO	repository/order.go:433	Get order by id	{"id": 11}
2026-04-01T11:26:36.169+0700	INFO	repository/order.go:433	Get order by id	{"id": 11}
2026-04-01T11:26:38.454+0700	INFO	repository/order.go:433	Get order by id	{"id": 11}
2026-04-01T11:27:45.501+0700	INFO	repository/order.go:433	Get order by id	{"id": 11}
2026-04-01T11:28:37.444+0700	INFO	repository/order.go:433	Get order by id	{"id": 11}
2026-04-01T11:28:51.057+0700	INFO	repository/order.go:433	Get order by id	{"id": 11}
2026-04-01T11:30:41.402+0700	INFO	repository/order.go:433	Get order by id	{"id": 11}
2026-04-01T11:32:31.832+0700	INFO	repository/order.go:433	Get order by id	{"id": 11}
2026-04-01T11:32:39.857+0700	INFO	repository/order.go:433	Get order by id	{"id": 11}
2026-04-01T11:32:54.626+0700	INFO	repository/order.go:433	Get order by id	{"id": 0}
2026-04-01T11:32:54.637+0700	WARN	repository/order.go:443	order not found	{"id": 0}
2026-04-01T11:32:54.638+0700	ERROR	usecase/order.go:1092	Failed to get order details	{"error": "order not found", "order id": 0}
2026-04-01T11:32:55.734+0700	INFO	repository/order.go:433	Get order by id	{"id": 0}
2026-04-01T11:32:55.744+0700	WARN	repository/order.go:443	order not found	{"id": 0}
2026-04-01T11:32:55.747+0700	ERROR	usecase/order.go:1092	Failed to get order details	{"error": "order not found", "order id": 0}
2026-04-01T11:32:57.810+0700	INFO	repository/order.go:433	Get order by id	{"id": 0}
2026-04-01T11:32:57.815+0700	WARN	repository/order.go:443	order not found	{"id": 0}
2026-04-01T11:32:57.817+0700	ERROR	usecase/order.go:1092	Failed to get order details	{"error": "order not found", "order id": 0}
2026-04-01T11:33:27.749+0700	INFO	repository/order.go:433	Get order by id	{"id": 0}
2026-04-01T11:33:27.750+0700	WARN	repository/order.go:443	order not found	{"id": 0}
2026-04-01T11:33:27.750+0700	ERROR	usecase/order.go:1092	Failed to get order details	{"error": "order not found", "order id": 0}
2026-04-01T11:33:32.586+0700	INFO	repository/order.go:433	Get order by id	{"id": 0}
2026-04-01T11:33:32.587+0700	WARN	repository/order.go:443	order not found	{"id": 0}
2026-04-01T11:33:32.596+0700	ERROR	usecase/order.go:1092	Failed to get order details	{"error": "order not found", "order id": 0}
2026-04-01T11:33:44.123+0700	INFO	repository/order.go:433	Get order by id	{"id": 0}
2026-04-01T11:33:44.131+0700	WARN	repository/order.go:443	order not found	{"id": 0}
2026-04-01T11:33:44.131+0700	ERROR	usecase/order.go:1092	Failed to get order details	{"error": "order not found", "order id": 0}
2026-04-01T11:33:46.238+0700	INFO	repository/order.go:433	Get order by id	{"id": 0}
2026-04-01T11:33:46.243+0700	WARN	repository/order.go:443	order not found	{"id": 0}
2026-04-01T11:33:46.244+0700	ERROR	usecase/order.go:1092	Failed to get order details	{"error": "order not found", "order id": 0}
2026-04-01T11:33:50.273+0700	INFO	repository/order.go:433	Get order by id	{"id": 0}
2026-04-01T11:33:50.276+0700	WARN	repository/order.go:443	order not found	{"id": 0}
2026-04-01T11:33:50.276+0700	ERROR	usecase/order.go:1092	Failed to get order details	{"error": "order not found", "order id": 0}
2026-04-01T11:35:58.044+0700	INFO	repository/order.go:433	Get order by id	{"id": 0}
2026-04-01T11:35:58.056+0700	WARN	repository/order.go:443	order not found	{"id": 0}
2026-04-01T11:35:58.058+0700	ERROR	usecase/order.go:1092	Failed to get order details	{"error": "order not found", "order id": 0}
2026-04-01T11:35:59.080+0700	INFO	repository/order.go:433	Get order by id	{"id": 0}
2026-04-01T11:35:59.082+0700	WARN	repository/order.go:443	order not found	{"id": 0}
2026-04-01T11:35:59.082+0700	ERROR	usecase/order.go:1092	Failed to get order details	{"error": "order not found", "order id": 0}
2026-04-01T11:36:01.198+0700	INFO	repository/order.go:433	Get order by id	{"id": 0}
2026-04-01T11:36:01.209+0700	WARN	repository/order.go:443	order not found	{"id": 0}
2026-04-01T11:36:01.209+0700	ERROR	usecase/order.go:1092	Failed to get order details	{"error": "order not found", "order id": 0}
2026-04-01T11:36:05.300+0700	INFO	repository/order.go:433	Get order by id	{"id": 0}
2026-04-01T11:36:05.309+0700	WARN	repository/order.go:443	order not found	{"id": 0}
2026-04-01T11:36:05.309+0700	ERROR	usecase/order.go:1092	Failed to get order details	{"error": "order not found", "order id": 0}
2026-04-01T11:36:33.002+0700	INFO	repository/order.go:433	Get order by id	{"id": 0}
2026-04-01T11:36:33.007+0700	WARN	repository/order.go:443	order not found	{"id": 0}
2026-04-01T11:36:33.007+0700	ERROR	usecase/order.go:1092	Failed to get order details	{"error": "order not found", "order id": 0}
2026-04-01T11:36:34.045+0700	INFO	repository/order.go:433	Get order by id	{"id": 0}
2026-04-01T11:36:34.061+0700	WARN	repository/order.go:443	order not found	{"id": 0}
2026-04-01T11:36:34.062+0700	ERROR	usecase/order.go:1092	Failed to get order details	{"error": "order not found", "order id": 0}
2026-04-01T11:36:36.088+0700	INFO	repository/order.go:433	Get order by id	{"id": 0}
2026-04-01T11:36:36.095+0700	WARN	repository/order.go:443	order not found	{"id": 0}
2026-04-01T11:36:36.098+0700	ERROR	usecase/order.go:1092	Failed to get order details	{"error": "order not found", "order id": 0}
2026-04-01T11:46:24.654+0700	INFO	repository/order.go:433	Get order by id	{"id": 0}
2026-04-01T11:46:24.850+0700	WARN	repository/order.go:443	order not found	{"id": 0}
2026-04-01T11:46:24.851+0700	ERROR	usecase/order.go:1092	Failed to get order details	{"error": "order not found", "order id": 0}
2026-04-01T11:46:29.313+0700	INFO	repository/order.go:433	Get order by id	{"id": 0}
2026-04-01T11:46:29.420+0700	WARN	repository/order.go:443	order not found	{"id": 0}
2026-04-01T11:46:29.420+0700	ERROR	usecase/order.go:1092	Failed to get order details	{"error": "order not found", "order id": 0}
2026-04-01T11:46:31.145+0700	INFO	repository/order.go:433	Get order by id	{"id": 0}
2026-04-01T11:46:31.147+0700	WARN	repository/order.go:443	order not found	{"id": 0}
2026-04-01T11:46:31.147+0700	ERROR	usecase/order.go:1092	Failed to get order details	{"error": "order not found", "order id": 0}
2026-04-01T11:46:33.180+0700	INFO	repository/order.go:433	Get order by id	{"id": 0}
2026-04-01T11:46:33.199+0700	WARN	repository/order.go:443	order not found	{"id": 0}
2026-04-01T11:46:33.200+0700	ERROR	usecase/order.go:1092	Failed to get order details	{"error": "order not found", "order id": 0}
2026-04-01T11:46:37.226+0700	INFO	repository/order.go:433	Get order by id	{"id": 0}
2026-04-01T11:46:37.228+0700	WARN	repository/order.go:443	order not found	{"id": 0}
2026-04-01T11:46:37.228+0700	ERROR	usecase/order.go:1092	Failed to get order details	{"error": "order not found", "order id": 0}
2026-04-01T11:47:01.513+0700	INFO	repository/order.go:433	Get order by id	{"id": 0}
2026-04-01T11:47:01.533+0700	WARN	repository/order.go:443	order not found	{"id": 0}
2026-04-01T11:47:01.533+0700	ERROR	usecase/order.go:1092	Failed to get order details	{"error": "order not found", "order id": 0}
2026-04-01T11:47:02.557+0700	INFO	repository/order.go:433	Get order by id	{"id": 0}
2026-04-01T11:47:02.558+0700	WARN	repository/order.go:443	order not found	{"id": 0}
2026-04-01T11:47:02.558+0700	ERROR	usecase/order.go:1092	Failed to get order details	{"error": "order not found", "order id": 0}
2026-04-01T11:47:04.586+0700	INFO	repository/order.go:433	Get order by id	{"id": 0}
2026-04-01T11:47:04.594+0700	WARN	repository/order.go:443	order not found	{"id": 0}
2026-04-01T11:47:04.606+0700	ERROR	usecase/order.go:1092	Failed to get order details	{"error": "order not found", "order id": 0}
2026-04-01T11:47:08.625+0700	INFO	repository/order.go:433	Get order by id	{"id": 0}
2026-04-01T11:47:08.628+0700	WARN	repository/order.go:443	order not found	{"id": 0}
2026-04-01T11:47:08.628+0700	ERROR	usecase/order.go:1092	Failed to get order details	{"error": "order not found", "order id": 0}
2026-04-01T11:47:32.162+0700	INFO	repository/order.go:433	Get order by id	{"id": 0}
2026-04-01T11:47:32.164+0700	WARN	repository/order.go:443	order not found	{"id": 0}
2026-04-01T11:47:32.165+0700	ERROR	usecase/order.go:1092	Failed to get order details	{"error": "order not found", "order id": 0}
2026-04-01T11:47:34.717+0700	INFO	repository/order.go:433	Get order by id	{"id": 0}
2026-04-01T11:47:35.509+0700	WARN	repository/order.go:443	order not found	{"id": 0}
2026-04-01T11:47:35.510+0700	ERROR	usecase/order.go:1092	Failed to get order details	{"error": "order not found", "order id": 0}
2026-04-01T11:47:37.524+0700	INFO	repository/order.go:433	Get order by id	{"id": 0}
2026-04-01T11:47:37.526+0700	WARN	repository/order.go:443	order not found	{"id": 0}
2026-04-01T11:47:37.526+0700	ERROR	usecase/order.go:1092	Failed to get order details	{"error": "order not found", "order id": 0}
2026-04-01T11:47:41.571+0700	INFO	repository/order.go:433	Get order by id	{"id": 0}
2026-04-01T11:47:41.576+0700	WARN	repository/order.go:443	order not found	{"id": 0}
2026-04-01T11:47:41.577+0700	ERROR	usecase/order.go:1092	Failed to get order details	{"error": "order not found", "order id": 0}
2026-04-01T11:51:07.003+0700	INFO	repository/order.go:433	Get order by id	{"id": 0}
2026-04-01T11:51:07.182+0700	WARN	repository/order.go:443	order not found	{"id": 0}
2026-04-01T11:51:07.182+0700	ERROR	usecase/order.go:1092	Failed to get order details	{"error": "order not found", "order id": 0}
2026-04-01T11:51:08.303+0700	INFO	repository/order.go:433	Get order by id	{"id": 0}
2026-04-01T11:51:08.312+0700	WARN	repository/order.go:443	order not found	{"id": 0}
2026-04-01T11:51:08.313+0700	ERROR	usecase/order.go:1092	Failed to get order details	{"error": "order not found", "order id": 0}
2026-04-01T11:51:10.364+0700	INFO	repository/order.go:433	Get order by id	{"id": 0}
2026-04-01T11:51:10.369+0700	WARN	repository/order.go:443	order not found	{"id": 0}
2026-04-01T11:51:10.370+0700	ERROR	usecase/order.go:1092	Failed to get order details	{"error": "order not found", "order id": 0}
2026-04-01T11:51:15.426+0700	INFO	repository/order.go:433	Get order by id	{"id": 0}
2026-04-01T11:51:15.442+0700	WARN	repository/order.go:443	order not found	{"id": 0}
2026-04-01T11:51:15.443+0700	ERROR	usecase/order.go:1092	Failed to get order details	{"error": "order not found", "order id": 0}
2026-04-01T11:56:45.595+0700	INFO	repository/order.go:433	Get order by id	{"id": 0}
2026-04-01T11:56:46.059+0700	WARN	repository/order.go:443	order not found	{"id": 0}
2026-04-01T11:56:46.059+0700	ERROR	usecase/order.go:1092	Failed to get order details	{"error": "order not found", "order id": 0}
2026-04-01T11:56:47.280+0700	INFO	repository/order.go:433	Get order by id	{"id": 0}
2026-04-01T11:56:47.351+0700	WARN	repository/order.go:443	order not found	{"id": 0}
2026-04-01T11:56:47.362+0700	ERROR	usecase/order.go:1092	Failed to get order details	{"error": "order not found", "order id": 0}
2026-04-01T11:56:49.390+0700	INFO	repository/order.go:433	Get order by id	{"id": 0}
2026-04-01T11:56:49.392+0700	WARN	repository/order.go:443	order not found	{"id": 0}
2026-04-01T11:56:49.392+0700	ERROR	usecase/order.go:1092	Failed to get order details	{"error": "order not found", "order id": 0}
2026-04-01T11:56:53.425+0700	INFO	repository/order.go:433	Get order by id	{"id": 0}
2026-04-01T11:56:53.427+0700	WARN	repository/order.go:443	order not found	{"id": 0}
2026-04-01T11:56:53.427+0700	ERROR	usecase/order.go:1092	Failed to get order details	{"error": "order not found", "order id": 0}
