2026-04-02T06:49:51.949+0700	INFO	repository/order.go:433	Get order by id	{"id": 11}
2026-04-02T14:38:47.290+0700	INFO	repository/product.go:224	Get product by id	{"id": 50}
2026-04-02T14:39:27.604+0700	INFO	repository/product.go:224	Get product by id	{"id": 50}
2026-04-02T14:41:31.362+0700	INFO	repository/product.go:224	Get product by id	{"id": 50}
2026-04-02T14:42:30.761+0700	INFO	repository/product.go:224	Get product by id	{"id": 50}
2026-04-02T14:43:35.371+0700	INFO	repository/product.go:224	Get product by id	{"id": 50}
2026-04-02T14:44:10.430+0700	INFO	repository/product.go:224	Get product by id	{"id": 50}
2026-04-02T14:45:14.042+0700	INFO	repository/product.go:224	Get product by id	{"id": 50}
2026-04-02T14:45:57.210+0700	INFO	repository/product.go:224	Get product by id	{"id": 50}
2026-04-02T14:46:44.158+0700	INFO	repository/product.go:224	Get product by id	{"id": 50}
2026-04-02T14:47:25.313+0700	INFO	repository/product.go:224	Get product by id	{"id": 50}
2026-04-02T14:48:13.602+0700	INFO	repository/product.go:224	Get product by id	{"id": 50}
2026-04-02T14:51:16.322+0700	INFO	repository/product.go:224	Get product by id	{"id": 50}
2026-04-02T14:52:07.700+0700	INFO	repository/product.go:224	Get product by id	{"id": 50}
2026-04-02T14:52:59.322+0700	INFO	repository/product.go:224	Get product by id	{"id": 50}
2026-04-02T14:53:23.725+0700	INFO	repository/product.go:224	Get product by id	{"id": 50}
2026-04-02T14:53:35.737+0700	INFO	repository/product.go:224	Get product by id	{"id": 50}
2026-04-02T14:53:45.959+0700	INFO	repository/product.go:224	Get product by id	{"id": 50}
2026-04-02T14:54:12.967+0700	INFO	repository/product.go:224	Get product by id	{"id": 50}
2026-04-02T14:54:44.054+0700	INFO	repository/product.go:224	Get product by id	{"id": 50}
2026-04-02T14:55:22.052+0700	INFO	repository/product.go:224	Get product by id	{"id": 50}
2026-04-02T14:55:27.706+0700	INFO	repository/product.go:224	Get product by id	{"id": 50}
2026-04-02T14:55:35.154+0700	INFO	repository/product.go:224	Get product by id	{"id": 50}
2026-04-02T14:56:30.211+0700	INFO	repository/product.go:224	Get product by id	{"id": 50}
2026-04-02T14:56:51.681+0700	INFO	repository/product.go:224	Get product by id	{"id": 50}
2026-04-02T14:57:03.867+0700	INFO	repository/product.go:224	Get product by id	{"id": 50}
2026-04-02T15:00:00.043+0700	INFO	repository/order.go:321	Mark orders as shipped...
2026-04-02T15:00:00.300+0700	INFO	repository/order.go:352	Successfully mark orders as shipped
2026-04-02T15:13:03.325+0700	INFO	repository/product.go:224	Get product by id	{"id": 50}
2026-04-02T15:19:50.233+0700	INFO	repository/product.go:224	Get product by id	{"id": 50}
2026-04-02T15:27:06.485+0700	INFO	repository/product.go:224	Get product by id	{"id": 50}
2026-04-02T15:28:42.569+0700	INFO	repository/product.go:224	Get product by id	{"id": 50}
2026-04-02T15:28:51.613+0700	INFO	repository/product.go:224	Get product by id	{"id": 50}
2026-04-02T15:29:54.863+0700	INFO	repository/product.go:224	Get product by id	{"id": 50}
2026-04-02T15:30:07.230+0700	INFO	repository/product.go:224	Get product by id	{"id": 50}
2026-04-02T15:32:02.784+0700	INFO	repository/product.go:224	Get product by id	{"id": 50}
2026-04-02T15:33:09.899+0700	INFO	repository/product.go:224	Get product by id	{"id": 50}
2026-04-02T15:33:30.110+0700	INFO	repository/product.go:224	Get product by id	{"id": 50}
2026-04-02T16:05:28.988+0700	INFO	repository/product.go:224	Get product by id	{"id": 50}
2026-04-02T16:09:26.810+0700	INFO	repository/product.go:224	Get product by id	{"id": 50}
2026-04-02T16:11:47.696+0700	INFO	repository/product.go:224	Get product by id	{"id": 50}
2026-04-02T16:16:54.543+0700	INFO	repository/product.go:224	Get product by id	{"id": 50}
2026-04-02T17:02:17.897+0700	INFO	repository/product.go:224	Get product by id	{"id": 50}
2026-04-02T17:04:27.604+0700	INFO	repository/product.go:224	Get product by id	{"id": 50}
2026-04-02T17:04:48.576+0700	INFO	repository/product.go:224	Get product by id	{"id": 50}
2026-04-02T17:05:16.058+0700	INFO	repository/product.go:224	Get product by id	{"id": 50}
2026-04-02T17:05:42.719+0700	INFO	repository/product.go:224	Get product by id	{"id": 50}
2026-04-02T17:06:54.894+0700	INFO	repository/product.go:224	Get product by id	{"id": 50}
2026-04-02T17:07:19.637+0700	INFO	repository/product.go:224	Get product by id	{"id": 50}
2026-04-02T17:11:45.904+0700	INFO	repository/product.go:224	Get product by id	{"id": 50}
2026-04-02T17:12:03.070+0700	ERROR	adaptor/product.go:392	Failed to retrieve image file	{"error": "request Content-Type isn't multipart/form-data"}
2026-04-02T17:12:03.262+0700	INFO	repository/product.go:224	Get product by id	{"id": 50}
2026-04-02T17:13:30.173+0700	INFO	repository/product.go:224	Get product by id	{"id": 50}
2026-04-02T17:13:40.298+0700	INFO	repository/product.go:224	Get product by id	{"id": 50}
2026-04-02T17:19:19.852+0700	INFO	repository/product.go:224	Get product by id	{"id": 50}
2026-04-02T17:19:31.050+0700	ERROR	adaptor/product.go:392	Failed to retrieve image file	{"error": "request Content-Type isn't multipart/form-data"}
2026-04-02T17:19:35.326+0700	INFO	repository/product.go:224	Get product by id	{"id": 50}
2026-04-02T17:20:08.270+0700	INFO	repository/product.go:224	Get product by id	{"id": 50}
2026-04-02T17:20:39.054+0700	INFO	repository/product.go:224	Get product by id	{"id": 50}
2026-04-02T17:21:05.504+0700	INFO	repository/product.go:224	Get product by id	{"id": 50}
2026-04-02T17:21:41.383+0700	INFO	repository/product.go:224	Get product by id	{"id": 50}
2026-04-02T17:22:29.715+0700	INFO	repository/image.go:47	Creating image	{"product_id": 50, "image_url": "https://res.cloudinary.com/dlhpzevx1/image/upload/v1775125350/debian/products/gallery/cs5w9osd9cft4qg8jqmz.png"}
2026-04-02T17:22:29.884+0700	INFO	repository/image.go:60	image created successfully	{"id": 139, "image_url": "https://res.cloudinary.com/dlhpzevx1/image/upload/v1775125350/debian/products/gallery/cs5w9osd9cft4qg8jqmz.png"}
2026-04-02T17:22:30.631+0700	INFO	repository/image.go:47	Creating image	{"product_id": 50, "image_url": "https://res.cloudinary.com/dlhpzevx1/image/upload/v1775125351/debian/products/gallery/lyrbb3ximuhylenwiws1.jpg"}
2026-04-02T17:22:30.636+0700	INFO	repository/image.go:60	image created successfully	{"id": 140, "image_url": "https://res.cloudinary.com/dlhpzevx1/image/upload/v1775125351/debian/products/gallery/lyrbb3ximuhylenwiws1.jpg"}
2026-04-02T17:22:30.754+0700	INFO	repository/product.go:224	Get product by id	{"id": 50}
2026-04-02T17:22:50.299+0700	INFO	repository/product.go:224	Get product by id	{"id": 50}
2026-04-02T17:23:11.447+0700	INFO	repository/product.go:224	Get product by id	{"id": 50}
2026-04-02T17:23:34.488+0700	INFO	repository/product.go:224	Get product by id	{"id": 50}
2026-04-02T17:24:31.030+0700	INFO	repository/product.go:224	Get product by id	{"id": 50}
2026-04-02T17:24:35.870+0700	INFO	repository/product.go:283	Get product by slug	{"slug": "whole-dried-lerak-natural-soap-nut-batik-laundry"}
2026-04-02T17:24:50.060+0700	INFO	repository/product.go:283	Get product by slug	{"slug": "whole-dried-lerak-natural-soap-nut-batik-laundry"}
2026-04-02T17:25:19.788+0700	INFO	repository/product.go:224	Get product by id	{"id": 50}
2026-04-02T17:26:41.295+0700	INFO	repository/product.go:224	Get product by id	{"id": 50}
2026-04-02T17:27:28.870+0700	INFO	repository/product.go:224	Get product by id	{"id": 50}
2026-04-02T17:27:57.148+0700	INFO	repository/product.go:224	Get product by id	{"id": 50}
2026-04-02T17:28:20.751+0700	INFO	repository/product.go:224	Get product by id	{"id": 50}
2026-04-02T17:28:38.176+0700	INFO	repository/product.go:224	Get product by id	{"id": 50}
2026-04-02T17:28:46.336+0700	INFO	repository/product.go:224	Get product by id	{"id": 50}
2026-04-02T17:29:16.659+0700	INFO	repository/product.go:224	Get product by id	{"id": 50}
2026-04-02T17:29:40.131+0700	INFO	repository/product.go:224	Get product by id	{"id": 50}
2026-04-02T17:30:46.203+0700	INFO	repository/product.go:224	Get product by id	{"id": 50}
2026-04-02T17:31:46.551+0700	INFO	repository/product.go:224	Get product by id	{"id": 50}
2026-04-02T17:32:39.318+0700	INFO	repository/product.go:224	Get product by id	{"id": 50}
2026-04-02T17:33:14.806+0700	INFO	repository/product.go:224	Get product by id	{"id": 50}
2026-04-02T17:33:37.646+0700	INFO	repository/product.go:224	Get product by id	{"id": 50}
2026-04-02T17:34:03.020+0700	INFO	repository/product.go:224	Get product by id	{"id": 50}
2026-04-02T17:34:12.204+0700	INFO	repository/product.go:224	Get product by id	{"id": 50}
2026-04-02T17:34:22.123+0700	INFO	repository/product.go:224	Get product by id	{"id": 50}
2026-04-02T17:34:59.662+0700	INFO	repository/product.go:224	Get product by id	{"id": 50}
2026-04-02T17:35:18.570+0700	INFO	repository/product.go:224	Get product by id	{"id": 50}
2026-04-02T17:35:42.410+0700	INFO	repository/product.go:224	Get product by id	{"id": 50}
2026-04-02T17:35:55.671+0700	INFO	repository/product.go:224	Get product by id	{"id": 50}
2026-04-02T17:36:27.522+0700	INFO	repository/product.go:224	Get product by id	{"id": 50}
2026-04-02T17:36:50.090+0700	INFO	repository/product.go:224	Get product by id	{"id": 50}
2026-04-02T17:37:06.874+0700	INFO	repository/product.go:224	Get product by id	{"id": 50}
2026-04-02T17:37:22.138+0700	INFO	repository/product.go:224	Get product by id	{"id": 50}
2026-04-02T17:40:21.617+0700	INFO	repository/product.go:224	Get product by id	{"id": 50}
2026-04-02T17:41:19.605+0700	INFO	repository/product.go:224	Get product by id	{"id": 50}
2026-04-02T17:41:42.172+0700	INFO	repository/product.go:224	Get product by id	{"id": 50}
2026-04-02T17:42:39.896+0700	INFO	repository/product.go:224	Get product by id	{"id": 50}
2026-04-02T17:42:54.397+0700	INFO	repository/product.go:224	Get product by id	{"id": 50}
2026-04-02T17:43:10.420+0700	INFO	repository/product.go:224	Get product by id	{"id": 50}
2026-04-02T17:43:21.583+0700	INFO	repository/product.go:224	Get product by id	{"id": 50}
2026-04-02T17:51:23.425+0700	INFO	repository/product.go:224	Get product by id	{"id": 50}
2026-04-02T17:51:46.264+0700	INFO	repository/product.go:224	Get product by id	{"id": 50}
2026-04-02T17:53:08.010+0700	INFO	repository/product.go:224	Get product by id	{"id": 50}
2026-04-02T17:54:35.966+0700	INFO	repository/product.go:224	Get product by id	{"id": 50}
2026-04-02T17:55:59.343+0700	INFO	repository/image.go:47	Creating image	{"product_id": 50, "image_url": "https://res.cloudinary.com/dlhpzevx1/image/upload/v1775127360/debian/products/gallery/lof6pcvutu2fdrszkums.png"}
2026-04-02T17:55:59.415+0700	INFO	repository/image.go:60	image created successfully	{"id": 141, "image_url": "https://res.cloudinary.com/dlhpzevx1/image/upload/v1775127360/debian/products/gallery/lof6pcvutu2fdrszkums.png"}
2026-04-02T17:56:00.171+0700	INFO	repository/image.go:47	Creating image	{"product_id": 50, "image_url": "https://res.cloudinary.com/dlhpzevx1/image/upload/v1775127361/debian/products/gallery/bsjovofqs3b5dt3wrjmk.jpg"}
2026-04-02T17:56:00.176+0700	INFO	repository/image.go:60	image created successfully	{"id": 142, "image_url": "https://res.cloudinary.com/dlhpzevx1/image/upload/v1775127361/debian/products/gallery/bsjovofqs3b5dt3wrjmk.jpg"}
2026-04-02T17:56:00.223+0700	INFO	repository/product.go:224	Get product by id	{"id": 50}
2026-04-02T17:56:21.563+0700	INFO	repository/product.go:224	Get product by id	{"id": 50}
2026-04-02T17:56:39.758+0700	INFO	repository/product.go:224	Get product by id	{"id": 50}
2026-04-02T17:58:53.030+0700	INFO	repository/product.go:224	Get product by id	{"id": 50}
2026-04-02T18:01:31.335+0700	INFO	repository/product.go:224	Get product by id	{"id": 50}
2026-04-02T18:02:12.855+0700	INFO	repository/product.go:224	Get product by id	{"id": 50}
2026-04-02T18:02:52.469+0700	INFO	repository/image.go:47	Creating image	{"product_id": 50, "image_url": "https://res.cloudinary.com/dlhpzevx1/image/upload/v1775127773/debian/products/gallery/tze9duxu3sjksjsrfifd.jpg"}
2026-04-02T18:02:52.486+0700	INFO	repository/image.go:60	image created successfully	{"id": 143, "image_url": "https://res.cloudinary.com/dlhpzevx1/image/upload/v1775127773/debian/products/gallery/tze9duxu3sjksjsrfifd.jpg"}
2026-04-02T18:02:53.338+0700	INFO	repository/image.go:47	Creating image	{"product_id": 50, "image_url": "https://res.cloudinary.com/dlhpzevx1/image/upload/v1775127774/debian/products/gallery/ekbiyviumks7pi2lmbxi.jpg"}
2026-04-02T18:02:53.346+0700	INFO	repository/image.go:60	image created successfully	{"id": 144, "image_url": "https://res.cloudinary.com/dlhpzevx1/image/upload/v1775127774/debian/products/gallery/ekbiyviumks7pi2lmbxi.jpg"}
2026-04-02T18:02:53.414+0700	INFO	repository/product.go:224	Get product by id	{"id": 50}
2026-04-02T18:03:19.340+0700	INFO	repository/product.go:224	Get product by id	{"id": 50}
2026-04-02T21:07:42.329+0700	INFO	repository/product.go:224	Get product by id	{"id": 50}
2026-04-02T21:09:40.943+0700	INFO	repository/product.go:224	Get product by id	{"id": 50}
2026-04-02T21:10:59.231+0700	INFO	repository/image.go:47	Creating image	{"product_id": 50, "image_url": "https://res.cloudinary.com/dlhpzevx1/image/upload/v1775139060/debian/products/gallery/nodvskzl1wzddgtwuoxm.jpg"}
2026-04-02T21:10:59.386+0700	INFO	repository/image.go:60	image created successfully	{"id": 145, "image_url": "https://res.cloudinary.com/dlhpzevx1/image/upload/v1775139060/debian/products/gallery/nodvskzl1wzddgtwuoxm.jpg"}
2026-04-02T21:11:00.874+0700	INFO	repository/product.go:224	Get product by id	{"id": 50}
2026-04-02T21:11:34.712+0700	INFO	repository/product.go:224	Get product by id	{"id": 50}
2026-04-02T21:13:33.686+0700	INFO	repository/product.go:224	Get product by id	{"id": 50}
2026-04-02T21:27:36.847+0700	INFO	repository/product.go:224	Get product by id	{"id": 50}
2026-04-02T21:29:14.577+0700	INFO	repository/product.go:224	Get product by id	{"id": 50}
2026-04-02T21:30:15.761+0700	INFO	repository/product.go:224	Get product by id	{"id": 50}
2026-04-02T21:31:07.666+0700	INFO	repository/product.go:224	Get product by id	{"id": 50}
2026-04-02T21:31:31.105+0700	INFO	repository/product.go:224	Get product by id	{"id": 50}
2026-04-02T21:32:14.630+0700	INFO	repository/product.go:224	Get product by id	{"id": 50}
2026-04-02T21:35:18.653+0700	INFO	repository/product.go:224	Get product by id	{"id": 50}
2026-04-02T21:36:11.735+0700	INFO	repository/product.go:224	Get product by id	{"id": 50}
2026-04-02T21:36:34.953+0700	INFO	repository/product.go:224	Get product by id	{"id": 50}
2026-04-02T21:37:14.161+0700	INFO	repository/product.go:224	Get product by id	{"id": 50}
2026-04-02T21:37:41.495+0700	INFO	repository/product.go:224	Get product by id	{"id": 50}
2026-04-02T21:38:18.486+0700	INFO	repository/product.go:224	Get product by id	{"id": 50}
2026-04-02T21:38:42.060+0700	INFO	repository/product.go:224	Get product by id	{"id": 50}
2026-04-02T21:38:48.312+0700	INFO	repository/product.go:224	Get product by id	{"id": 50}
2026-04-02T21:39:03.190+0700	INFO	repository/product.go:224	Get product by id	{"id": 50}
2026-04-02T21:39:38.701+0700	INFO	repository/product.go:224	Get product by id	{"id": 50}
2026-04-02T21:40:16.201+0700	INFO	repository/product.go:224	Get product by id	{"id": 50}
2026-04-02T21:40:44.413+0700	INFO	repository/product.go:224	Get product by id	{"id": 50}
2026-04-02T21:41:19.356+0700	INFO	repository/product.go:224	Get product by id	{"id": 50}
2026-04-02T21:41:34.790+0700	INFO	repository/product.go:224	Get product by id	{"id": 50}
2026-04-02T21:42:47.074+0700	INFO	repository/product.go:224	Get product by id	{"id": 50}
2026-04-02T21:43:48.393+0700	INFO	repository/product.go:224	Get product by id	{"id": 50}
2026-04-02T21:44:02.245+0700	INFO	repository/product.go:224	Get product by id	{"id": 50}
2026-04-02T21:45:03.410+0700	INFO	repository/product.go:224	Get product by id	{"id": 50}
2026-04-02T21:48:20.546+0700	INFO	repository/product.go:224	Get product by id	{"id": 50}
2026-04-02T21:48:33.965+0700	INFO	repository/product.go:224	Get product by id	{"id": 50}
2026-04-02T21:49:00.117+0700	INFO	repository/product.go:224	Get product by id	{"id": 50}
2026-04-02T21:50:58.433+0700	INFO	repository/product.go:224	Get product by id	{"id": 50}
2026-04-02T21:51:31.258+0700	INFO	repository/product.go:224	Get product by id	{"id": 50}
2026-04-02T21:54:27.058+0700	INFO	repository/product.go:224	Get product by id	{"id": 50}
2026-04-02T21:57:08.943+0700	INFO	repository/product.go:224	Get product by id	{"id": 50}
2026-04-02T21:57:55.132+0700	INFO	repository/product.go:224	Get product by id	{"id": 50}
2026-04-02T21:58:37.858+0700	INFO	repository/product.go:224	Get product by id	{"id": 50}
2026-04-02T22:06:04.634+0700	INFO	repository/product.go:224	Get product by id	{"id": 50}
2026-04-02T22:07:04.935+0700	INFO	repository/product.go:224	Get product by id	{"id": 50}
2026-04-02T22:07:47.996+0700	ERROR	repository/image.go:37	Failed to get image	{"image_id": 141, "error": "record not found"}
2026-04-02T22:07:48.011+0700	ERROR	usecase/product.go:733	Failed to get image	{"error": "record not found"}
2026-04-02T22:08:27.876+0700	INFO	repository/image.go:47	Creating image	{"product_id": 50, "image_url": "https://res.cloudinary.com/dlhpzevx1/image/upload/v1775142508/debian/products/gallery/qsp69fkpnkdmz9razexs.jpg"}
2026-04-02T22:08:27.991+0700	INFO	repository/image.go:60	image created successfully	{"id": 146, "image_url": "https://res.cloudinary.com/dlhpzevx1/image/upload/v1775142508/debian/products/gallery/qsp69fkpnkdmz9razexs.jpg"}
2026-04-02T22:08:29.541+0700	INFO	repository/image.go:47	Creating image	{"product_id": 50, "image_url": "https://res.cloudinary.com/dlhpzevx1/image/upload/v1775142510/debian/products/gallery/gu3b2ojvoizvyasb14jc.jpg"}
2026-04-02T22:08:29.547+0700	INFO	repository/image.go:60	image created successfully	{"id": 147, "image_url": "https://res.cloudinary.com/dlhpzevx1/image/upload/v1775142510/debian/products/gallery/gu3b2ojvoizvyasb14jc.jpg"}
2026-04-02T22:09:03.261+0700	INFO	repository/image.go:47	Creating image	{"product_id": 50, "image_url": "https://res.cloudinary.com/dlhpzevx1/image/upload/v1775142544/debian/products/gallery/i2vntstbeltvaohcjdji.png"}
2026-04-02T22:09:03.267+0700	INFO	repository/image.go:60	image created successfully	{"id": 148, "image_url": "https://res.cloudinary.com/dlhpzevx1/image/upload/v1775142544/debian/products/gallery/i2vntstbeltvaohcjdji.png"}
2026-04-02T22:09:04.898+0700	INFO	repository/image.go:47	Creating image	{"product_id": 50, "image_url": "https://res.cloudinary.com/dlhpzevx1/image/upload/v1775142546/debian/products/gallery/nnlmfznyyailzv8smkop.jpg"}
2026-04-02T22:09:04.902+0700	INFO	repository/image.go:60	image created successfully	{"id": 149, "image_url": "https://res.cloudinary.com/dlhpzevx1/image/upload/v1775142546/debian/products/gallery/nnlmfznyyailzv8smkop.jpg"}
2026-04-02T22:09:04.973+0700	INFO	repository/product.go:224	Get product by id	{"id": 50}
2026-04-02T22:09:27.220+0700	INFO	repository/product.go:224	Get product by id	{"id": 50}
2026-04-02T22:11:52.663+0700	INFO	repository/product.go:224	Get product by id	{"id": 50}
2026-04-02T22:16:37.743+0700	INFO	repository/product.go:224	Get product by id	{"id": 50}
2026-04-02T22:17:21.642+0700	ERROR	repository/image.go:37	Failed to get image	{"image_id": 148, "error": "record not found"}
2026-04-02T22:17:21.645+0700	ERROR	usecase/product.go:733	Failed to get image	{"error": "record not found"}
2026-04-02T22:18:18.155+0700	INFO	repository/product.go:224	Get product by id	{"id": 50}
2026-04-02T22:18:53.109+0700	INFO	repository/product.go:224	Get product by id	{"id": 50}
2026-04-02T22:19:06.170+0700	INFO	repository/product.go:224	Get product by id	{"id": 50}
2026-04-02T22:20:22.373+0700	INFO	repository/product.go:224	Get product by id	{"id": 50}
2026-04-02T22:21:09.095+0700	INFO	repository/product.go:224	Get product by id	{"id": 50}
2026-04-02T22:22:43.118+0700	INFO	repository/product.go:224	Get product by id	{"id": 50}
2026-04-02T22:24:16.533+0700	INFO	repository/product.go:224	Get product by id	{"id": 50}
2026-04-02T22:25:16.424+0700	INFO	repository/product.go:224	Get product by id	{"id": 50}
2026-04-02T22:26:42.210+0700	INFO	repository/product.go:224	Get product by id	{"id": 50}
2026-04-02T22:27:37.852+0700	INFO	repository/product.go:224	Get product by id	{"id": 50}
2026-04-02T22:28:50.101+0700	INFO	repository/product.go:224	Get product by id	{"id": 50}
2026-04-02T22:30:00.738+0700	INFO	repository/image.go:47	Creating image	{"product_id": 50, "image_url": "https://res.cloudinary.com/dlhpzevx1/image/upload/v1775143802/debian/products/gallery/zsdb6lf5copz1z8hwdqa.jpg"}
2026-04-02T22:30:01.014+0700	INFO	repository/image.go:60	image created successfully	{"id": 150, "image_url": "https://res.cloudinary.com/dlhpzevx1/image/upload/v1775143802/debian/products/gallery/zsdb6lf5copz1z8hwdqa.jpg"}
2026-04-02T22:30:02.621+0700	INFO	repository/image.go:47	Creating image	{"product_id": 50, "image_url": "https://res.cloudinary.com/dlhpzevx1/image/upload/v1775143803/debian/products/gallery/ubyadkhefwf0ljenzapo.jpg"}
2026-04-02T22:30:02.624+0700	INFO	repository/image.go:60	image created successfully	{"id": 151, "image_url": "https://res.cloudinary.com/dlhpzevx1/image/upload/v1775143803/debian/products/gallery/ubyadkhefwf0ljenzapo.jpg"}
2026-04-02T22:30:04.390+0700	INFO	repository/image.go:47	Creating image	{"product_id": 50, "image_url": "https://res.cloudinary.com/dlhpzevx1/image/upload/v1775143805/debian/products/gallery/vg9sarxdvjofw7xnfhxx.jpg"}
2026-04-02T22:30:04.421+0700	INFO	repository/image.go:60	image created successfully	{"id": 152, "image_url": "https://res.cloudinary.com/dlhpzevx1/image/upload/v1775143805/debian/products/gallery/vg9sarxdvjofw7xnfhxx.jpg"}
2026-04-02T22:30:38.265+0700	INFO	repository/image.go:47	Creating image	{"product_id": 50, "image_url": "https://res.cloudinary.com/dlhpzevx1/image/upload/v1775143839/debian/products/gallery/yf1wmp5i4r4msafj72sk.png"}
2026-04-02T22:30:38.269+0700	INFO	repository/image.go:60	image created successfully	{"id": 153, "image_url": "https://res.cloudinary.com/dlhpzevx1/image/upload/v1775143839/debian/products/gallery/yf1wmp5i4r4msafj72sk.png"}
2026-04-02T22:30:38.370+0700	INFO	repository/product.go:224	Get product by id	{"id": 50}
2026-04-02T22:32:30.152+0700	INFO	repository/product.go:224	Get product by id	{"id": 50}
2026-04-02T22:35:58.137+0700	INFO	repository/product.go:224	Get product by id	{"id": 50}
2026-04-02T22:36:22.424+0700	INFO	repository/product.go:224	Get product by id	{"id": 50}
2026-04-02T22:46:02.638+0700	INFO	repository/product.go:224	Get product by id	{"id": 50}
