2026-04-08T10:12:56.063+0700	INFO	repository/order.go:434	Get order by id	{"id": 11}
2026-04-08T10:12:56.058+0700	INFO	repository/order.go:434	Get order by id	{"id": 10}
2026-04-08T10:13:20.113+0700	INFO	repository/order.go:434	Get order by id	{"id": 11}
2026-04-08T10:13:20.125+0700	INFO	repository/order.go:434	Get order by id	{"id": 10}
2026-04-08T10:13:55.748+0700	INFO	repository/order.go:434	Get order by id	{"id": 10}
2026-04-08T10:13:55.762+0700	INFO	repository/order.go:434	Get order by id	{"id": 11}
2026-04-08T10:14:31.513+0700	INFO	repository/order.go:434	Get order by id	{"id": 11}
2026-04-08T10:14:31.580+0700	INFO	repository/order.go:434	Get order by id	{"id": 10}
2026-04-08T10:14:37.398+0700	INFO	repository/order.go:434	Get order by id	{"id": 11}
2026-04-08T10:14:37.401+0700	INFO	repository/order.go:434	Get order by id	{"id": 10}
2026-04-08T10:15:45.578+0700	INFO	repository/order.go:434	Get order by id	{"id": 11}
2026-04-08T10:15:45.581+0700	INFO	repository/order.go:434	Get order by id	{"id": 10}
2026-04-08T10:15:52.340+0700	INFO	repository/order.go:434	Get order by id	{"id": 11}
2026-04-08T10:15:52.341+0700	INFO	repository/order.go:434	Get order by id	{"id": 10}
2026-04-08T10:16:10.769+0700	INFO	repository/order.go:434	Get order by id	{"id": 11}
2026-04-08T10:16:10.789+0700	INFO	repository/order.go:434	Get order by id	{"id": 10}
2026-04-08T10:16:35.299+0700	INFO	repository/order.go:434	Get order by id	{"id": 10}
2026-04-08T10:16:35.304+0700	INFO	repository/order.go:434	Get order by id	{"id": 11}
2026-04-08T10:16:39.259+0700	INFO	repository/order.go:434	Get order by id	{"id": 11}
2026-04-08T10:16:39.260+0700	INFO	repository/order.go:434	Get order by id	{"id": 10}
2026-04-08T10:17:18.829+0700	INFO	repository/order.go:434	Get order by id	{"id": 11}
2026-04-08T10:17:18.872+0700	INFO	repository/order.go:434	Get order by id	{"id": 10}
2026-04-08T10:17:24.681+0700	INFO	repository/order.go:434	Get order by id	{"id": 11}
2026-04-08T10:17:24.679+0700	INFO	repository/order.go:434	Get order by id	{"id": 10}
2026-04-08T10:17:32.564+0700	INFO	repository/order.go:434	Get order by id	{"id": 11}
2026-04-08T10:17:32.565+0700	INFO	repository/order.go:434	Get order by id	{"id": 10}
2026-04-08T10:18:59.027+0700	INFO	repository/order.go:434	Get order by id	{"id": 10}
2026-04-08T10:18:59.206+0700	INFO	repository/order.go:434	Get order by id	{"id": 11}
2026-04-08T10:20:08.102+0700	INFO	repository/order.go:434	Get order by id	{"id": 11}
2026-04-08T10:20:08.106+0700	INFO	repository/order.go:434	Get order by id	{"id": 10}
2026-04-08T10:20:11.459+0700	INFO	repository/order.go:434	Get order by id	{"id": 11}
2026-04-08T10:20:11.473+0700	INFO	repository/order.go:434	Get order by id	{"id": 10}
2026-04-08T10:20:55.752+0700	INFO	repository/order.go:434	Get order by id	{"id": 11}
2026-04-08T10:20:55.679+0700	INFO	repository/order.go:434	Get order by id	{"id": 10}
2026-04-08T10:20:57.431+0700	INFO	repository/order.go:434	Get order by id	{"id": 11}
2026-04-08T10:20:57.438+0700	INFO	repository/order.go:434	Get order by id	{"id": 10}
2026-04-08T10:21:19.807+0700	INFO	repository/order.go:434	Get order by id	{"id": 10}
2026-04-08T10:21:19.819+0700	INFO	repository/order.go:434	Get order by id	{"id": 11}
2026-04-08T10:23:09.661+0700	INFO	repository/order.go:434	Get order by id	{"id": 10}
2026-04-08T10:23:09.686+0700	INFO	repository/order.go:434	Get order by id	{"id": 11}
2026-04-08T10:23:30.802+0700	INFO	repository/order.go:434	Get order by id	{"id": 11}
2026-04-08T10:23:30.802+0700	INFO	repository/order.go:434	Get order by id	{"id": 10}
2026-04-08T10:23:37.470+0700	INFO	repository/order.go:434	Get order by id	{"id": 11}
2026-04-08T10:23:37.471+0700	INFO	repository/order.go:434	Get order by id	{"id": 10}
2026-04-08T10:24:08.268+0700	INFO	repository/order.go:434	Get order by id	{"id": 11}
2026-04-08T10:24:08.297+0700	INFO	repository/order.go:434	Get order by id	{"id": 10}
2026-04-08T10:24:32.940+0700	INFO	repository/order.go:434	Get order by id	{"id": 11}
2026-04-08T10:24:32.942+0700	INFO	repository/order.go:434	Get order by id	{"id": 10}
2026-04-08T10:24:46.952+0700	INFO	repository/order.go:434	Get order by id	{"id": 10}
2026-04-08T10:24:46.991+0700	INFO	repository/order.go:434	Get order by id	{"id": 11}
2026-04-08T10:25:36.093+0700	INFO	repository/order.go:434	Get order by id	{"id": 11}
2026-04-08T10:25:36.111+0700	INFO	repository/order.go:434	Get order by id	{"id": 10}
2026-04-08T10:26:18.522+0700	INFO	repository/order.go:434	Get order by id	{"id": 10}
2026-04-08T10:26:18.523+0700	INFO	repository/order.go:434	Get order by id	{"id": 11}
2026-04-08T10:26:37.561+0700	INFO	repository/order.go:434	Get order by id	{"id": 10}
2026-04-08T10:26:37.593+0700	INFO	repository/order.go:434	Get order by id	{"id": 11}
2026-04-08T10:27:05.217+0700	INFO	repository/order.go:434	Get order by id	{"id": 11}
2026-04-08T10:27:05.220+0700	INFO	repository/order.go:434	Get order by id	{"id": 10}
2026-04-08T10:27:24.926+0700	INFO	repository/order.go:434	Get order by id	{"id": 11}
2026-04-08T10:27:24.936+0700	INFO	repository/order.go:434	Get order by id	{"id": 10}
2026-04-08T10:30:00.414+0700	INFO	repository/order.go:434	Get order by id	{"id": 11}
2026-04-08T10:30:00.418+0700	INFO	repository/order.go:434	Get order by id	{"id": 10}
2026-04-08T10:34:23.277+0700	INFO	repository/order.go:434	Get order by id	{"id": 11}
2026-04-08T10:34:24.108+0700	INFO	repository/order.go:434	Get order by id	{"id": 10}
2026-04-08T10:35:29.266+0700	INFO	repository/order.go:434	Get order by id	{"id": 10}
2026-04-08T10:35:29.264+0700	INFO	repository/order.go:434	Get order by id	{"id": 11}
2026-04-08T10:35:51.911+0700	INFO	repository/order.go:434	Get order by id	{"id": 11}
2026-04-08T10:35:51.926+0700	INFO	repository/order.go:434	Get order by id	{"id": 10}
2026-04-08T10:35:53.205+0700	INFO	repository/order.go:434	Get order by id	{"id": 11}
2026-04-08T10:35:53.223+0700	INFO	repository/order.go:434	Get order by id	{"id": 10}
2026-04-08T10:36:01.865+0700	INFO	repository/order.go:434	Get order by id	{"id": 11}
2026-04-08T10:36:02.004+0700	INFO	repository/order.go:434	Get order by id	{"id": 10}
2026-04-08T10:36:02.275+0700	INFO	repository/order.go:434	Get order by id	{"id": 10}
2026-04-08T10:36:02.305+0700	INFO	repository/order.go:434	Get order by id	{"id": 11}
2026-04-08T10:36:09.727+0700	INFO	repository/order.go:434	Get order by id	{"id": 11}
2026-04-08T10:36:09.727+0700	INFO	repository/order.go:434	Get order by id	{"id": 10}
2026-04-08T10:36:40.758+0700	INFO	repository/order.go:434	Get order by id	{"id": 11}
2026-04-08T10:36:43.440+0700	INFO	repository/order.go:434	Get order by id	{"id": 10}
2026-04-08T10:37:12.192+0700	INFO	repository/order.go:434	Get order by id	{"id": 11}
2026-04-08T10:37:12.227+0700	INFO	repository/order.go:434	Get order by id	{"id": 10}
2026-04-08T10:37:37.189+0700	INFO	repository/order.go:434	Get order by id	{"id": 10}
2026-04-08T10:37:37.276+0700	INFO	repository/order.go:434	Get order by id	{"id": 11}
2026-04-08T10:37:45.083+0700	INFO	repository/order.go:434	Get order by id	{"id": 10}
2026-04-08T10:37:45.086+0700	INFO	repository/order.go:434	Get order by id	{"id": 11}
2026-04-08T10:37:50.034+0700	INFO	repository/order.go:434	Get order by id	{"id": 11}
2026-04-08T10:37:50.035+0700	INFO	repository/order.go:434	Get order by id	{"id": 10}
2026-04-08T10:37:58.822+0700	INFO	repository/order.go:434	Get order by id	{"id": 11}
2026-04-08T10:37:58.823+0700	INFO	repository/order.go:434	Get order by id	{"id": 10}
2026-04-08T10:37:59.887+0700	INFO	repository/order.go:434	Get order by id	{"id": 11}
2026-04-08T10:37:59.893+0700	INFO	repository/order.go:434	Get order by id	{"id": 10}
2026-04-08T10:38:20.408+0700	INFO	repository/order.go:434	Get order by id	{"id": 11}
2026-04-08T10:38:20.487+0700	INFO	repository/order.go:434	Get order by id	{"id": 10}
2026-04-08T10:38:21.926+0700	INFO	repository/order.go:434	Get order by id	{"id": 11}
2026-04-08T10:38:21.941+0700	INFO	repository/order.go:434	Get order by id	{"id": 10}
2026-04-08T10:39:43.381+0700	INFO	repository/order.go:434	Get order by id	{"id": 10}
2026-04-08T10:39:43.592+0700	INFO	repository/order.go:434	Get order by id	{"id": 11}
2026-04-08T10:40:06.119+0700	INFO	repository/order.go:434	Get order by id	{"id": 11}
2026-04-08T10:40:06.142+0700	INFO	repository/order.go:434	Get order by id	{"id": 10}
2026-04-08T10:40:18.445+0700	INFO	repository/order.go:434	Get order by id	{"id": 11}
2026-04-08T10:40:18.512+0700	INFO	repository/order.go:434	Get order by id	{"id": 10}
2026-04-08T10:40:21.593+0700	INFO	repository/order.go:434	Get order by id	{"id": 11}
2026-04-08T10:40:21.599+0700	INFO	repository/order.go:434	Get order by id	{"id": 10}
2026-04-08T10:41:40.008+0700	INFO	repository/order.go:434	Get order by id	{"id": 11}
2026-04-08T10:41:40.468+0700	INFO	repository/order.go:434	Get order by id	{"id": 10}
2026-04-08T10:42:30.054+0700	INFO	repository/order.go:434	Get order by id	{"id": 10}
2026-04-08T10:42:30.072+0700	INFO	repository/order.go:434	Get order by id	{"id": 11}
2026-04-08T10:42:47.356+0700	INFO	repository/order.go:434	Get order by id	{"id": 11}
2026-04-08T10:42:47.393+0700	INFO	repository/order.go:434	Get order by id	{"id": 10}
2026-04-08T10:43:51.270+0700	INFO	repository/order.go:434	Get order by id	{"id": 11}
2026-04-08T10:43:51.763+0700	INFO	repository/order.go:434	Get order by id	{"id": 10}
2026-04-08T10:45:50.785+0700	INFO	repository/order.go:434	Get order by id	{"id": 11}
2026-04-08T10:45:50.790+0700	INFO	repository/order.go:434	Get order by id	{"id": 10}
2026-04-08T10:46:28.529+0700	INFO	repository/order.go:434	Get order by id	{"id": 10}
2026-04-08T10:46:28.539+0700	INFO	repository/order.go:434	Get order by id	{"id": 11}
2026-04-08T10:47:43.380+0700	INFO	repository/order.go:434	Get order by id	{"id": 11}
2026-04-08T10:47:43.868+0700	INFO	repository/order.go:434	Get order by id	{"id": 10}
2026-04-08T10:49:42.051+0700	INFO	repository/order.go:434	Get order by id	{"id": 11}
2026-04-08T10:49:42.371+0700	INFO	repository/order.go:434	Get order by id	{"id": 10}
2026-04-08T10:49:46.098+0700	INFO	repository/order.go:434	Get order by id	{"id": 11}
2026-04-08T10:49:46.105+0700	INFO	repository/order.go:434	Get order by id	{"id": 10}
2026-04-08T10:50:38.820+0700	INFO	repository/order.go:434	Get order by id	{"id": 11}
2026-04-08T10:50:38.820+0700	INFO	repository/order.go:434	Get order by id	{"id": 10}
2026-04-08T10:50:40.333+0700	INFO	repository/order.go:434	Get order by id	{"id": 11}
2026-04-08T10:50:40.365+0700	INFO	repository/order.go:434	Get order by id	{"id": 10}
2026-04-08T10:50:57.015+0700	INFO	repository/order.go:434	Get order by id	{"id": 11}
2026-04-08T10:50:57.014+0700	INFO	repository/order.go:434	Get order by id	{"id": 10}
2026-04-08T10:53:13.988+0700	INFO	repository/order.go:434	Get order by id	{"id": 10}
2026-04-08T10:53:13.988+0700	INFO	repository/order.go:434	Get order by id	{"id": 11}
2026-04-08T10:53:17.585+0700	INFO	repository/order.go:434	Get order by id	{"id": 11}
2026-04-08T10:53:17.586+0700	INFO	repository/order.go:434	Get order by id	{"id": 10}
2026-04-08T10:54:06.986+0700	INFO	repository/order.go:434	Get order by id	{"id": 11}
2026-04-08T10:54:07.007+0700	INFO	repository/order.go:434	Get order by id	{"id": 10}
2026-04-08T10:55:24.054+0700	INFO	repository/order.go:434	Get order by id	{"id": 10}
2026-04-08T10:55:24.062+0700	INFO	repository/order.go:434	Get order by id	{"id": 11}
2026-04-08T10:55:40.219+0700	INFO	repository/order.go:434	Get order by id	{"id": 11}
2026-04-08T10:55:40.383+0700	INFO	repository/order.go:434	Get order by id	{"id": 10}
2026-04-08T10:57:21.485+0700	INFO	repository/order.go:434	Get order by id	{"id": 10}
2026-04-08T10:57:21.497+0700	INFO	repository/order.go:434	Get order by id	{"id": 11}
2026-04-08T10:58:18.352+0700	INFO	repository/order.go:434	Get order by id	{"id": 11}
2026-04-08T10:58:18.416+0700	INFO	repository/order.go:434	Get order by id	{"id": 10}
2026-04-08T10:59:28.554+0700	INFO	repository/order.go:434	Get order by id	{"id": 11}
2026-04-08T10:59:28.598+0700	INFO	repository/order.go:434	Get order by id	{"id": 10}
2026-04-08T11:00:23.984+0700	INFO	repository/order.go:434	Get order by id	{"id": 10}
2026-04-08T11:00:24.103+0700	INFO	repository/order.go:434	Get order by id	{"id": 11}
2026-04-08T11:01:20.449+0700	INFO	repository/order.go:434	Get order by id	{"id": 10}
2026-04-08T11:01:20.609+0700	INFO	repository/order.go:434	Get order by id	{"id": 11}
2026-04-08T11:03:24.043+0700	INFO	repository/order.go:434	Get order by id	{"id": 10}
2026-04-08T11:03:24.043+0700	INFO	repository/order.go:434	Get order by id	{"id": 11}
2026-04-08T11:03:37.121+0700	INFO	repository/order.go:434	Get order by id	{"id": 11}
2026-04-08T11:03:37.124+0700	INFO	repository/order.go:434	Get order by id	{"id": 10}
2026-04-08T11:04:31.227+0700	INFO	repository/order.go:434	Get order by id	{"id": 10}
2026-04-08T11:04:31.231+0700	INFO	repository/order.go:434	Get order by id	{"id": 11}
2026-04-08T11:05:13.400+0700	INFO	repository/order.go:434	Get order by id	{"id": 10}
2026-04-08T11:05:13.412+0700	INFO	repository/order.go:434	Get order by id	{"id": 11}
2026-04-08T11:05:28.727+0700	INFO	repository/order.go:434	Get order by id	{"id": 11}
2026-04-08T11:05:28.732+0700	INFO	repository/order.go:434	Get order by id	{"id": 10}
2026-04-08T11:07:07.570+0700	INFO	repository/order.go:434	Get order by id	{"id": 11}
2026-04-08T11:07:07.599+0700	INFO	repository/order.go:434	Get order by id	{"id": 10}
2026-04-08T11:07:29.028+0700	INFO	repository/order.go:434	Get order by id	{"id": 10}
2026-04-08T11:07:29.054+0700	INFO	repository/order.go:434	Get order by id	{"id": 11}
2026-04-08T11:07:32.997+0700	INFO	repository/order.go:434	Get order by id	{"id": 11}
2026-04-08T11:07:33.004+0700	INFO	repository/order.go:434	Get order by id	{"id": 10}
2026-04-08T11:07:50.198+0700	INFO	repository/order.go:434	Get order by id	{"id": 10}
2026-04-08T11:07:50.201+0700	INFO	repository/order.go:434	Get order by id	{"id": 11}
2026-04-08T11:07:56.720+0700	INFO	repository/order.go:434	Get order by id	{"id": 10}
2026-04-08T11:07:56.720+0700	INFO	repository/order.go:434	Get order by id	{"id": 11}
2026-04-08T11:08:04.740+0700	INFO	repository/order.go:434	Get order by id	{"id": 10}
2026-04-08T11:08:04.741+0700	INFO	repository/order.go:434	Get order by id	{"id": 11}
2026-04-08T11:08:44.136+0700	INFO	repository/order.go:434	Get order by id	{"id": 11}
2026-04-08T11:08:44.138+0700	INFO	repository/order.go:434	Get order by id	{"id": 10}
2026-04-08T11:10:06.180+0700	INFO	repository/order.go:434	Get order by id	{"id": 11}
2026-04-08T11:10:06.187+0700	INFO	repository/order.go:434	Get order by id	{"id": 10}
2026-04-08T11:10:20.802+0700	INFO	repository/order.go:434	Get order by id	{"id": 10}
2026-04-08T11:10:20.812+0700	INFO	repository/order.go:434	Get order by id	{"id": 11}
2026-04-08T11:10:51.741+0700	ERROR	usecase/review_usecase.go:255	Failed to create reviews	{"error": "ERROR: relation \"product_skus\" does not exist (SQLSTATE 42P01)"}
2026-04-08T11:19:10.760+0700	INFO	repository/order.go:434	Get order by id	{"id": 11}
2026-04-08T11:19:10.913+0700	INFO	repository/order.go:434	Get order by id	{"id": 10}
2026-04-08T11:19:15.860+0700	INFO	repository/order.go:434	Get order by id	{"id": 10}
2026-04-08T11:19:15.860+0700	INFO	repository/order.go:434	Get order by id	{"id": 11}
2026-04-08T11:19:25.793+0700	ERROR	usecase/review_usecase.go:255	Failed to create reviews	{"error": "Product not found in this order: bad request"}
2026-04-08T11:23:07.597+0700	INFO	repository/order.go:434	Get order by id	{"id": 11}
2026-04-08T11:23:07.704+0700	INFO	repository/order.go:434	Get order by id	{"id": 10}
2026-04-08T11:23:08.446+0700	ERROR	usecase/review_usecase.go:255	Failed to create reviews	{"error": "Product not found in this order: bad request"}
2026-04-08T11:26:13.433+0700	INFO	repository/order.go:434	Get order by id	{"id": 10}
2026-04-08T11:26:13.534+0700	INFO	repository/order.go:434	Get order by id	{"id": 11}
2026-04-08T11:26:23.008+0700	INFO	repository/order.go:544	skuMap	{"skuMap": {"0":19}}
2026-04-08T11:26:23.009+0700	ERROR	usecase/review_usecase.go:255	Failed to create reviews	{"error": "Product not found in this order: bad request"}
2026-04-08T11:28:41.560+0700	INFO	repository/order.go:434	Get order by id	{"id": 10}
2026-04-08T11:28:41.738+0700	INFO	repository/order.go:434	Get order by id	{"id": 11}
2026-04-08T11:28:49.670+0700	ERROR	usecase/review_usecase.go:255	Failed to create reviews	{"error": "ERROR: column s.sku_id does not exist (SQLSTATE 42703)"}
2026-04-08T11:29:48.011+0700	INFO	repository/order.go:434	Get order by id	{"id": 11}
2026-04-08T11:29:48.011+0700	INFO	repository/order.go:434	Get order by id	{"id": 10}
2026-04-08T11:29:54.543+0700	INFO	repository/order.go:434	Get order by id	{"id": 10}
2026-04-08T11:29:54.545+0700	INFO	repository/order.go:434	Get order by id	{"id": 11}
2026-04-08T11:29:56.450+0700	INFO	repository/order.go:544	skuMap	{"skuMap": {"0":19}}
2026-04-08T11:29:56.451+0700	ERROR	usecase/review_usecase.go:255	Failed to create reviews	{"error": "Product not found in this order: bad request"}
2026-04-08T11:32:49.332+0700	INFO	repository/order.go:434	Get order by id	{"id": 11}
2026-04-08T11:32:49.332+0700	INFO	repository/order.go:434	Get order by id	{"id": 10}
2026-04-08T11:36:56.796+0700	INFO	repository/order.go:434	Get order by id	{"id": 11}
2026-04-08T11:36:56.796+0700	INFO	repository/order.go:434	Get order by id	{"id": 10}
2026-04-08T11:37:01.882+0700	INFO	repository/order.go:544	results	{"results": [{"SKUID":59,"ProductID":19}]}
2026-04-08T11:37:01.883+0700	INFO	repository/order.go:545	skuMap	{"skuMap": {"59":19}}
2026-04-08T11:37:02.013+0700	INFO	repository/product.go:256	Get product by ids	{"id": [19]}
2026-04-08T11:37:02.128+0700	ERROR	repository/product.go:368	Error batch updating products	{"error": "ERROR: trailing junk after numeric literal at or near \"4.900000END\" (SQLSTATE 42601)"}
2026-04-08T11:37:02.138+0700	ERROR	usecase/review_usecase.go:255	Failed to create reviews	{"error": "ERROR: trailing junk after numeric literal at or near \"4.900000END\" (SQLSTATE 42601)"}
2026-04-08T11:39:43.920+0700	INFO	repository/order.go:434	Get order by id	{"id": 11}
2026-04-08T11:39:43.918+0700	INFO	repository/order.go:434	Get order by id	{"id": 10}
2026-04-08T11:45:33.760+0700	INFO	repository/order.go:434	Get order by id	{"id": 11}
2026-04-08T11:45:33.836+0700	INFO	repository/order.go:434	Get order by id	{"id": 10}
2026-04-08T11:45:35.601+0700	INFO	repository/order.go:544	results	{"results": [{"SKUID":59,"ProductID":19}]}
2026-04-08T11:45:35.601+0700	INFO	repository/order.go:545	skuMap	{"skuMap": {"59":19}}
2026-04-08T11:45:35.658+0700	INFO	repository/product.go:256	Get product by ids	{"id": [19]}
2026-04-08T11:48:36.298+0700	INFO	repository/order.go:434	Get order by id	{"id": 11}
2026-04-08T11:48:36.310+0700	INFO	repository/order.go:434	Get order by id	{"id": 10}
2026-04-08T11:58:48.707+0700	INFO	repository/order.go:434	Get order by id	{"id": 11}
2026-04-08T11:58:48.696+0700	INFO	repository/order.go:434	Get order by id	{"id": 10}
2026-04-08T11:59:33.658+0700	INFO	repository/order.go:434	Get order by id	{"id": 10}
2026-04-08T11:59:33.666+0700	INFO	repository/order.go:434	Get order by id	{"id": 11}
2026-04-08T12:05:20.195+0700	INFO	repository/order.go:434	Get order by id	{"id": 10}
2026-04-08T12:05:20.198+0700	INFO	repository/order.go:434	Get order by id	{"id": 11}
2026-04-08T12:06:21.505+0700	INFO	repository/order.go:434	Get order by id	{"id": 11}
2026-04-08T12:06:21.531+0700	INFO	repository/order.go:434	Get order by id	{"id": 10}
2026-04-08T12:07:04.257+0700	INFO	repository/order.go:434	Get order by id	{"id": 10}
2026-04-08T12:07:04.351+0700	INFO	repository/order.go:434	Get order by id	{"id": 11}
2026-04-08T12:11:43.072+0700	INFO	repository/order.go:434	Get order by id	{"id": 10}
2026-04-08T12:11:43.080+0700	INFO	repository/order.go:434	Get order by id	{"id": 11}
2026-04-08T12:12:58.846+0700	INFO	repository/order.go:434	Get order by id	{"id": 10}
2026-04-08T12:12:58.882+0700	INFO	repository/order.go:434	Get order by id	{"id": 11}
2026-04-08T12:13:10.028+0700	INFO	repository/order.go:434	Get order by id	{"id": 10}
2026-04-08T12:13:10.283+0700	INFO	repository/order.go:434	Get order by id	{"id": 11}
2026-04-08T12:13:23.823+0700	INFO	repository/order.go:434	Get order by id	{"id": 11}
2026-04-08T12:13:23.829+0700	INFO	repository/order.go:434	Get order by id	{"id": 10}
2026-04-08T12:13:32.870+0700	INFO	repository/order.go:434	Get order by id	{"id": 11}
2026-04-08T12:13:32.873+0700	INFO	repository/order.go:434	Get order by id	{"id": 10}
2026-04-08T12:13:36.169+0700	INFO	repository/order.go:434	Get order by id	{"id": 11}
2026-04-08T12:13:36.180+0700	INFO	repository/order.go:434	Get order by id	{"id": 10}
2026-04-08T12:13:43.562+0700	INFO	repository/order.go:434	Get order by id	{"id": 11}
2026-04-08T12:13:43.562+0700	INFO	repository/order.go:434	Get order by id	{"id": 10}
2026-04-08T12:13:52.987+0700	INFO	repository/order.go:434	Get order by id	{"id": 11}
2026-04-08T12:13:52.989+0700	INFO	repository/order.go:434	Get order by id	{"id": 10}
2026-04-08T12:13:55.708+0700	INFO	repository/order.go:434	Get order by id	{"id": 11}
2026-04-08T12:13:55.710+0700	INFO	repository/order.go:434	Get order by id	{"id": 10}
2026-04-08T12:16:28.004+0700	INFO	repository/order.go:434	Get order by id	{"id": 11}
2026-04-08T12:16:28.013+0700	INFO	repository/order.go:434	Get order by id	{"id": 10}
2026-04-08T12:16:38.811+0700	INFO	repository/order.go:434	Get order by id	{"id": 11}
2026-04-08T12:16:38.818+0700	INFO	repository/order.go:434	Get order by id	{"id": 10}
2026-04-08T12:17:13.741+0700	INFO	repository/order.go:434	Get order by id	{"id": 10}
2026-04-08T12:17:13.742+0700	INFO	repository/order.go:434	Get order by id	{"id": 11}
2026-04-08T12:17:29.355+0700	INFO	repository/order.go:434	Get order by id	{"id": 11}
2026-04-08T12:17:29.359+0700	INFO	repository/order.go:434	Get order by id	{"id": 10}
2026-04-08T12:17:44.647+0700	INFO	repository/order.go:434	Get order by id	{"id": 11}
2026-04-08T12:17:44.633+0700	INFO	repository/order.go:434	Get order by id	{"id": 10}
2026-04-08T12:18:03.312+0700	INFO	repository/order.go:434	Get order by id	{"id": 11}
2026-04-08T12:18:03.314+0700	INFO	repository/order.go:434	Get order by id	{"id": 10}
2026-04-08T12:22:21.228+0700	INFO	repository/order.go:434	Get order by id	{"id": 11}
2026-04-08T12:22:21.224+0700	INFO	repository/order.go:434	Get order by id	{"id": 10}
2026-04-08T14:16:30.300+0700	INFO	repository/order.go:434	Get order by id	{"id": 11}
2026-04-08T14:16:30.323+0700	INFO	repository/order.go:434	Get order by id	{"id": 10}
2026-04-08T14:17:54.600+0700	INFO	repository/order.go:434	Get order by id	{"id": 10}
2026-04-08T14:17:54.658+0700	INFO	repository/order.go:434	Get order by id	{"id": 11}
2026-04-08T14:18:16.994+0700	INFO	repository/order.go:434	Get order by id	{"id": 11}
2026-04-08T14:18:16.996+0700	INFO	repository/order.go:434	Get order by id	{"id": 10}
2026-04-08T14:18:42.943+0700	INFO	repository/order.go:434	Get order by id	{"id": 11}
2026-04-08T14:18:42.977+0700	INFO	repository/order.go:434	Get order by id	{"id": 10}
2026-04-08T14:20:01.799+0700	INFO	repository/order.go:434	Get order by id	{"id": 10}
2026-04-08T14:20:01.815+0700	INFO	repository/order.go:434	Get order by id	{"id": 11}
2026-04-08T14:20:15.024+0700	INFO	repository/order.go:434	Get order by id	{"id": 11}
2026-04-08T14:20:15.024+0700	INFO	repository/order.go:434	Get order by id	{"id": 10}
2026-04-08T14:20:56.769+0700	INFO	repository/order.go:434	Get order by id	{"id": 11}
2026-04-08T14:20:56.770+0700	INFO	repository/order.go:434	Get order by id	{"id": 10}
2026-04-08T14:22:48.249+0700	INFO	repository/order.go:434	Get order by id	{"id": 11}
2026-04-08T14:22:48.247+0700	INFO	repository/order.go:434	Get order by id	{"id": 10}
2026-04-08T14:23:29.227+0700	INFO	repository/order.go:434	Get order by id	{"id": 10}
2026-04-08T14:23:29.237+0700	INFO	repository/order.go:434	Get order by id	{"id": 11}
2026-04-08T14:23:44.572+0700	INFO	repository/order.go:434	Get order by id	{"id": 10}
2026-04-08T14:23:44.580+0700	INFO	repository/order.go:434	Get order by id	{"id": 11}
2026-04-08T14:25:41.003+0700	INFO	repository/order.go:434	Get order by id	{"id": 10}
2026-04-08T14:25:41.003+0700	INFO	repository/order.go:434	Get order by id	{"id": 11}
2026-04-08T14:25:50.648+0700	INFO	repository/order.go:434	Get order by id	{"id": 11}
2026-04-08T14:25:50.649+0700	INFO	repository/order.go:434	Get order by id	{"id": 10}
2026-04-08T14:26:23.677+0700	INFO	repository/order.go:434	Get order by id	{"id": 11}
2026-04-08T14:26:23.695+0700	INFO	repository/order.go:434	Get order by id	{"id": 10}
2026-04-08T14:27:27.911+0700	INFO	repository/order.go:434	Get order by id	{"id": 11}
2026-04-08T14:27:27.922+0700	INFO	repository/order.go:434	Get order by id	{"id": 10}
2026-04-08T14:27:58.522+0700	INFO	repository/order.go:434	Get order by id	{"id": 11}
2026-04-08T14:27:58.514+0700	INFO	repository/order.go:434	Get order by id	{"id": 10}
2026-04-08T14:28:15.285+0700	INFO	repository/order.go:434	Get order by id	{"id": 11}
2026-04-08T14:28:15.284+0700	INFO	repository/order.go:434	Get order by id	{"id": 10}
2026-04-08T14:28:38.532+0700	INFO	repository/order.go:434	Get order by id	{"id": 10}
2026-04-08T14:28:38.532+0700	INFO	repository/order.go:434	Get order by id	{"id": 11}
2026-04-08T14:30:30.082+0700	INFO	repository/order.go:434	Get order by id	{"id": 11}
2026-04-08T14:30:30.093+0700	INFO	repository/order.go:434	Get order by id	{"id": 10}
2026-04-08T14:30:55.434+0700	INFO	repository/order.go:434	Get order by id	{"id": 11}
2026-04-08T14:30:55.541+0700	INFO	repository/order.go:434	Get order by id	{"id": 10}
2026-04-08T15:00:00.225+0700	INFO	repository/order.go:322	Mark orders as shipped...
2026-04-08T15:00:01.023+0700	INFO	repository/order.go:353	Successfully mark orders as shipped
2026-04-08T17:08:58.620+0700	INFO	repository/order.go:434	Get order by id	{"id": 11}
2026-04-08T17:08:59.837+0700	INFO	repository/order.go:434	Get order by id	{"id": 10}
2026-04-08T17:11:19.418+0700	INFO	repository/order.go:434	Get order by id	{"id": 10}
2026-04-08T17:11:20.254+0700	INFO	repository/order.go:434	Get order by id	{"id": 11}
2026-04-08T17:12:40.153+0700	INFO	repository/order.go:434	Get order by id	{"id": 11}
2026-04-08T17:13:00.513+0700	INFO	repository/order.go:434	Get order by id	{"id": 11}
2026-04-08T17:14:30.110+0700	INFO	repository/order.go:434	Get order by id	{"id": 11}
2026-04-08T17:15:27.342+0700	INFO	repository/order.go:434	Get order by id	{"id": 11}
2026-04-08T17:16:00.882+0700	INFO	repository/order.go:434	Get order by id	{"id": 11}
2026-04-08T17:17:20.819+0700	INFO	repository/order.go:434	Get order by id	{"id": 11}
2026-04-08T17:19:22.530+0700	INFO	repository/order.go:434	Get order by id	{"id": 11}
2026-04-08T17:21:14.105+0700	INFO	repository/order.go:434	Get order by id	{"id": 11}
2026-04-08T17:21:27.180+0700	INFO	repository/order.go:434	Get order by id	{"id": 11}
2026-04-08T17:21:27.353+0700	INFO	repository/order.go:434	Get order by id	{"id": 11}
2026-04-08T17:21:57.759+0700	INFO	repository/order.go:434	Get order by id	{"id": 11}
2026-04-08T17:24:05.548+0700	INFO	repository/order.go:434	Get order by id	{"id": 11}
2026-04-08T17:24:05.865+0700	INFO	repository/order.go:434	Get order by id	{"id": 11}
2026-04-08T17:26:08.292+0700	INFO	repository/product.go:283	Get product by slug	{"slug": "whole-dried-lerak-natural-soap-nut-batik-laundry"}
2026-04-08T17:27:00.851+0700	INFO	repository/product.go:283	Get product by slug	{"slug": "whole-dried-lerak-natural-soap-nut-batik-laundry"}
2026-04-08T17:27:18.845+0700	INFO	repository/product.go:283	Get product by slug	{"slug": "whole-dried-lerak-natural-soap-nut-batik-laundry"}
2026-04-08T17:27:43.359+0700	INFO	repository/product.go:283	Get product by slug	{"slug": "whole-dried-lerak-natural-soap-nut-batik-laundry"}
2026-04-08T17:27:47.608+0700	INFO	repository/product.go:283	Get product by slug	{"slug": "whole-dried-lerak-natural-soap-nut-batik-laundry"}
2026-04-08T17:28:49.982+0700	INFO	repository/product.go:283	Get product by slug	{"slug": "whole-dried-lerak-natural-soap-nut-batik-laundry"}
2026-04-08T17:29:49.281+0700	INFO	repository/product.go:283	Get product by slug	{"slug": "whole-dried-lerak-natural-soap-nut-batik-laundry"}
2026-04-08T17:31:12.612+0700	INFO	repository/product.go:283	Get product by slug	{"slug": "whole-dried-lerak-natural-soap-nut-batik-laundry"}
2026-04-08T17:32:10.614+0700	INFO	repository/product.go:283	Get product by slug	{"slug": "whole-dried-lerak-natural-soap-nut-batik-laundry"}
2026-04-08T17:32:11.615+0700	INFO	repository/product.go:283	Get product by slug	{"slug": "whole-dried-lerak-natural-soap-nut-batik-laundry"}
2026-04-08T17:32:49.782+0700	INFO	repository/product.go:283	Get product by slug	{"slug": "whole-dried-lerak-natural-soap-nut-batik-laundry"}
2026-04-08T17:32:56.907+0700	INFO	repository/product.go:283	Get product by slug	{"slug": "whole-dried-lerak-natural-soap-nut-batik-laundry"}
2026-04-08T17:33:52.744+0700	INFO	repository/order.go:434	Get order by id	{"id": 11}
2026-04-08T17:33:52.796+0700	INFO	repository/order.go:434	Get order by id	{"id": 10}
2026-04-08T17:35:51.838+0700	INFO	repository/order.go:434	Get order by id	{"id": 11}
2026-04-08T17:35:51.912+0700	INFO	repository/order.go:434	Get order by id	{"id": 10}
2026-04-08T17:36:33.496+0700	INFO	repository/order.go:434	Get order by id	{"id": 11}
2026-04-08T17:36:33.532+0700	INFO	repository/order.go:434	Get order by id	{"id": 10}
2026-04-08T17:36:38.259+0700	INFO	repository/order.go:434	Get order by id	{"id": 11}
2026-04-08T17:36:38.266+0700	INFO	repository/order.go:434	Get order by id	{"id": 10}
2026-04-08T17:37:10.923+0700	INFO	repository/order.go:434	Get order by id	{"id": 11}
2026-04-08T17:37:10.921+0700	INFO	repository/order.go:434	Get order by id	{"id": 10}
2026-04-08T17:37:12.128+0700	INFO	repository/order.go:434	Get order by id	{"id": 11}
2026-04-08T17:37:12.135+0700	INFO	repository/order.go:434	Get order by id	{"id": 10}
2026-04-08T17:37:55.170+0700	INFO	repository/order.go:434	Get order by id	{"id": 10}
2026-04-08T17:37:55.170+0700	INFO	repository/order.go:434	Get order by id	{"id": 11}
2026-04-08T17:40:16.987+0700	INFO	repository/order.go:434	Get order by id	{"id": 10}
2026-04-08T17:40:17.008+0700	INFO	repository/order.go:434	Get order by id	{"id": 11}
2026-04-08T17:40:35.134+0700	INFO	repository/order.go:434	Get order by id	{"id": 11}
2026-04-08T17:40:35.139+0700	INFO	repository/order.go:434	Get order by id	{"id": 10}
2026-04-08T17:40:45.314+0700	INFO	repository/order.go:434	Get order by id	{"id": 11}
2026-04-08T17:40:45.317+0700	INFO	repository/order.go:434	Get order by id	{"id": 10}
2026-04-08T17:41:04.113+0700	INFO	repository/order.go:434	Get order by id	{"id": 10}
2026-04-08T17:41:04.123+0700	INFO	repository/order.go:434	Get order by id	{"id": 11}
2026-04-08T17:41:30.840+0700	INFO	repository/order.go:434	Get order by id	{"id": 10}
2026-04-08T17:41:30.869+0700	INFO	repository/order.go:434	Get order by id	{"id": 11}
2026-04-08T17:41:36.403+0700	INFO	repository/order.go:434	Get order by id	{"id": 11}
2026-04-08T17:41:36.406+0700	INFO	repository/order.go:434	Get order by id	{"id": 10}
2026-04-08T17:42:54.686+0700	INFO	repository/order.go:434	Get order by id	{"id": 10}
2026-04-08T17:42:54.700+0700	INFO	repository/order.go:434	Get order by id	{"id": 11}
2026-04-08T17:44:15.320+0700	INFO	repository/order.go:434	Get order by id	{"id": 10}
2026-04-08T17:44:15.320+0700	INFO	repository/order.go:434	Get order by id	{"id": 11}
2026-04-08T17:46:15.680+0700	INFO	repository/order.go:434	Get order by id	{"id": 10}
2026-04-08T17:46:15.736+0700	INFO	repository/order.go:434	Get order by id	{"id": 11}
2026-04-08T17:46:25.167+0700	INFO	repository/order.go:434	Get order by id	{"id": 10}
2026-04-08T17:46:25.225+0700	INFO	repository/order.go:434	Get order by id	{"id": 11}
2026-04-08T17:49:32.474+0700	INFO	repository/order.go:434	Get order by id	{"id": 10}
2026-04-08T17:49:32.485+0700	INFO	repository/order.go:434	Get order by id	{"id": 11}
2026-04-08T17:50:43.366+0700	INFO	repository/order.go:434	Get order by id	{"id": 11}
2026-04-08T17:50:43.357+0700	INFO	repository/order.go:434	Get order by id	{"id": 10}
2026-04-08T17:50:44.575+0700	INFO	repository/order.go:434	Get order by id	{"id": 10}
2026-04-08T17:50:44.598+0700	INFO	repository/order.go:434	Get order by id	{"id": 11}
2026-04-08T17:51:23.642+0700	INFO	repository/order.go:434	Get order by id	{"id": 11}
2026-04-08T17:51:23.643+0700	INFO	repository/order.go:434	Get order by id	{"id": 10}
2026-04-08T17:51:51.353+0700	INFO	repository/order.go:434	Get order by id	{"id": 11}
2026-04-08T17:51:51.377+0700	INFO	repository/order.go:434	Get order by id	{"id": 10}
2026-04-08T17:52:30.337+0700	INFO	repository/order.go:434	Get order by id	{"id": 10}
2026-04-08T17:52:30.351+0700	INFO	repository/order.go:434	Get order by id	{"id": 11}
2026-04-08T17:52:48.290+0700	INFO	repository/order.go:434	Get order by id	{"id": 10}
2026-04-08T17:52:48.360+0700	INFO	repository/order.go:434	Get order by id	{"id": 11}
2026-04-08T17:53:25.490+0700	INFO	repository/order.go:544	results	{"results": [{"SKUID":115,"ProductID":36}]}
2026-04-08T17:53:25.491+0700	INFO	repository/order.go:545	skuMap	{"skuMap": {"115":36}}
2026-04-08T17:53:25.598+0700	INFO	repository/product.go:256	Get product by ids	{"id": [36]}
2026-04-08T17:56:43.848+0700	INFO	repository/order.go:434	Get order by id	{"id": 11}
2026-04-08T17:56:43.840+0700	INFO	repository/order.go:434	Get order by id	{"id": 10}
2026-04-08T17:57:27.014+0700	INFO	repository/order.go:434	Get order by id	{"id": 11}
2026-04-08T17:57:27.166+0700	INFO	repository/order.go:434	Get order by id	{"id": 10}
2026-04-08T17:57:59.285+0700	INFO	repository/order.go:544	results	{"results": [{"SKUID":59,"ProductID":19}]}
2026-04-08T17:57:59.285+0700	INFO	repository/order.go:545	skuMap	{"skuMap": {"59":19}}
2026-04-08T17:57:59.319+0700	ERROR	usecase/review_usecase.go:255	Failed to create reviews	{"error": "some SKUs already reviewed: [59]"}
2026-04-08T17:58:31.795+0700	INFO	repository/order.go:434	Get order by id	{"id": 10}
2026-04-08T17:58:31.801+0700	INFO	repository/order.go:434	Get order by id	{"id": 11}
2026-04-08T18:03:22.316+0700	INFO	repository/order.go:434	Get order by id	{"id": 11}
2026-04-08T18:03:22.331+0700	INFO	repository/order.go:434	Get order by id	{"id": 10}
2026-04-08T18:04:19.441+0700	INFO	repository/order.go:434	Get order by id	{"id": 9}
2026-04-08T18:04:19.592+0700	INFO	repository/order.go:434	Get order by id	{"id": 9}
2026-04-08T18:04:39.857+0700	INFO	repository/order.go:544	results	{"results": [{"SKUID":118,"ProductID":37}]}
2026-04-08T18:04:39.857+0700	INFO	repository/order.go:545	skuMap	{"skuMap": {"118":37}}
2026-04-08T18:04:40.019+0700	INFO	repository/product.go:256	Get product by ids	{"id": [37]}
2026-04-08T18:05:43.144+0700	INFO	repository/order.go:434	Get order by id	{"id": 9}
2026-04-08T18:05:43.319+0700	INFO	repository/order.go:434	Get order by id	{"id": 9}
2026-04-08T18:06:56.883+0700	INFO	repository/order.go:434	Get order by id	{"id": 9}
2026-04-08T18:06:58.103+0700	INFO	repository/order.go:434	Get order by id	{"id": 9}
2026-04-08T18:07:29.851+0700	INFO	repository/order.go:434	Get order by id	{"id": 9}
2026-04-08T18:07:37.751+0700	INFO	repository/order.go:434	Get order by id	{"id": 9}
2026-04-08T18:07:45.771+0700	INFO	repository/order.go:434	Get order by id	{"id": 11}
2026-04-08T18:07:45.779+0700	INFO	repository/order.go:434	Get order by id	{"id": 10}
2026-04-08T18:08:20.078+0700	INFO	repository/order.go:434	Get order by id	{"id": 5}
2026-04-08T18:08:20.381+0700	INFO	repository/order.go:434	Get order by id	{"id": 5}
2026-04-08T19:21:07.313+0700	INFO	repository/order.go:434	Get order by id	{"id": 5}
2026-04-08T19:21:09.633+0700	INFO	repository/order.go:434	Get order by id	{"id": 5}
2026-04-08T19:26:52.848+0700	INFO	repository/order.go:434	Get order by id	{"id": 5}
2026-04-08T19:26:54.244+0700	INFO	repository/order.go:434	Get order by id	{"id": 5}
2026-04-08T19:27:13.407+0700	INFO	repository/order.go:434	Get order by id	{"id": 5}
2026-04-08T19:27:13.996+0700	INFO	repository/order.go:434	Get order by id	{"id": 5}
2026-04-08T20:02:24.110+0700	INFO	repository/product.go:224	Get product by id	{"id": 50}
2026-04-08T20:13:48.770+0700	INFO	repository/product.go:224	Get product by id	{"id": 50}
