2026-03-08T00:02:31.048+0700	INFO	repository/product.go:45	Creating product	{"name": "Laptop ACER 12A5", "category_id": 1}
2026-03-08T00:02:31.140+0700	INFO	repository/product.go:58	Product created successfully	{"id": 46, "name": "Laptop ACER 12A5"}
2026-03-08T00:02:31.141+0700	INFO	repository/variant_type.go:47	Creating variant type	{"name": "color", "product_id": 46}
2026-03-08T00:02:31.143+0700	INFO	repository/variant_type.go:60	Variant type created successfully	{"id": 72, "name": "color"}
2026-03-08T00:02:31.143+0700	INFO	repository/variant_value.go:111	Creating variant value	{"value": "black", "variant_type_id": 72}
2026-03-08T00:02:31.147+0700	INFO	repository/variant_value.go:124	Variant value created successfully	{"id": 157, "value": "black"}
2026-03-08T00:02:31.147+0700	INFO	repository/variant_value.go:111	Creating variant value	{"value": "grey", "variant_type_id": 72}
2026-03-08T00:02:31.149+0700	INFO	repository/variant_value.go:124	Variant value created successfully	{"id": 158, "value": "grey"}
2026-03-08T00:02:31.149+0700	INFO	repository/variant_type.go:47	Creating variant type	{"name": "storage", "product_id": 46}
2026-03-08T00:02:31.151+0700	INFO	repository/variant_type.go:60	Variant type created successfully	{"id": 73, "name": "storage"}
2026-03-08T00:02:31.152+0700	INFO	repository/variant_value.go:111	Creating variant value	{"value": "128GB", "variant_type_id": 73}
2026-03-08T00:02:31.160+0700	INFO	repository/variant_value.go:124	Variant value created successfully	{"id": 159, "value": "128GB"}
2026-03-08T00:02:31.160+0700	INFO	repository/variant_value.go:111	Creating variant value	{"value": "256GB", "variant_type_id": 73}
2026-03-08T00:02:31.162+0700	INFO	repository/variant_value.go:124	Variant value created successfully	{"id": 160, "value": "256GB"}
2026-03-08T00:02:31.182+0700	INFO	repository/product.go:189	Get product by id	{"id": 46}
2026-03-08T00:02:31.214+0700	INFO	repository/sku.go:77	Creating SKU	{"product_id": 46, "sku_code": "laptop-acer-12a5-black-128GB-1772902951214789700"}
2026-03-08T00:02:31.218+0700	INFO	repository/sku.go:90	SKU created successfully	{"id": 157, "sku_code": "laptop-acer-12a5-black-128GB-1772902951214789700"}
2026-03-08T00:02:31.218+0700	INFO	repository/sku.go:151	Creating SKU	{"sku_id": 157, "variant_value_id": 157}
2026-03-08T00:02:31.279+0700	INFO	repository/sku.go:164	SKU created successfully	{"id": 153, "sku_id": 157}
2026-03-08T00:02:31.280+0700	INFO	repository/sku.go:151	Creating SKU	{"sku_id": 157, "variant_value_id": 159}
2026-03-08T00:02:31.281+0700	INFO	repository/sku.go:164	SKU created successfully	{"id": 154, "sku_id": 157}
2026-03-08T00:02:31.281+0700	INFO	repository/product.go:189	Get product by id	{"id": 46}
2026-03-08T00:02:31.297+0700	INFO	repository/sku.go:77	Creating SKU	{"product_id": 46, "sku_code": "laptop-acer-12a5-black-256GB-1772902951297864800"}
2026-03-08T00:02:31.301+0700	INFO	repository/sku.go:90	SKU created successfully	{"id": 158, "sku_code": "laptop-acer-12a5-black-256GB-1772902951297864800"}
2026-03-08T00:02:31.301+0700	INFO	repository/sku.go:151	Creating SKU	{"sku_id": 158, "variant_value_id": 157}
2026-03-08T00:02:31.308+0700	INFO	repository/sku.go:164	SKU created successfully	{"id": 155, "sku_id": 158}
2026-03-08T00:02:31.308+0700	INFO	repository/sku.go:151	Creating SKU	{"sku_id": 158, "variant_value_id": 160}
2026-03-08T00:02:31.312+0700	INFO	repository/sku.go:164	SKU created successfully	{"id": 156, "sku_id": 158}
2026-03-08T00:02:31.313+0700	INFO	repository/product.go:189	Get product by id	{"id": 46}
2026-03-08T00:02:31.333+0700	INFO	repository/sku.go:77	Creating SKU	{"product_id": 46, "sku_code": "laptop-acer-12a5-grey-128GB-1772902951333720500"}
2026-03-08T00:02:31.344+0700	INFO	repository/sku.go:90	SKU created successfully	{"id": 159, "sku_code": "laptop-acer-12a5-grey-128GB-1772902951333720500"}
2026-03-08T00:02:31.344+0700	INFO	repository/sku.go:151	Creating SKU	{"sku_id": 159, "variant_value_id": 158}
2026-03-08T00:02:31.346+0700	INFO	repository/sku.go:164	SKU created successfully	{"id": 157, "sku_id": 159}
2026-03-08T00:02:31.346+0700	INFO	repository/sku.go:151	Creating SKU	{"sku_id": 159, "variant_value_id": 159}
2026-03-08T00:02:31.349+0700	INFO	repository/sku.go:164	SKU created successfully	{"id": 158, "sku_id": 159}
2026-03-08T00:02:31.350+0700	INFO	repository/product.go:189	Get product by id	{"id": 46}
2026-03-08T00:02:31.365+0700	INFO	repository/sku.go:77	Creating SKU	{"product_id": 46, "sku_code": "laptop-acer-12a5-grey-256GB-1772902951365933600"}
2026-03-08T00:02:31.367+0700	INFO	repository/sku.go:90	SKU created successfully	{"id": 160, "sku_code": "laptop-acer-12a5-grey-256GB-1772902951365933600"}
2026-03-08T00:02:31.368+0700	INFO	repository/sku.go:151	Creating SKU	{"sku_id": 160, "variant_value_id": 158}
2026-03-08T00:02:31.375+0700	INFO	repository/sku.go:164	SKU created successfully	{"id": 159, "sku_id": 160}
2026-03-08T00:02:31.375+0700	INFO	repository/sku.go:151	Creating SKU	{"sku_id": 160, "variant_value_id": 160}
2026-03-08T00:02:31.377+0700	INFO	repository/sku.go:164	SKU created successfully	{"id": 160, "sku_id": 160}
2026-03-08T00:03:33.257+0700	INFO	repository/product.go:189	Get product by id	{"id": 46}
2026-03-08T00:03:52.578+0700	INFO	repository/product.go:189	Get product by id	{"id": 46}
2026-03-08T00:05:00.000+0700	INFO	repository/order.go:380	Mark orders as completed...
2026-03-08T00:05:00.156+0700	ERROR	repository/order.go:405	Failed to mark orders as completed
2026-03-08T00:05:00.156+0700	ERROR	usecase/order.go:888	Failed to update order	{"error": "ERROR: syntax error at or near \"interval\" (SQLSTATE 42601)"}
2026-03-08T00:05:00.156+0700	ERROR	scheduler/jobs.go:57	cron AutoCompleted failed	{"error": "ERROR: syntax error at or near \"interval\" (SQLSTATE 42601)"}
2026-03-08T00:18:08.811+0700	INFO	repository/product.go:189	Get product by id	{"id": 46}
2026-03-08T00:18:18.570+0700	INFO	repository/product.go:189	Get product by id	{"id": 45}
2026-03-08T00:18:18.575+0700	WARN	repository/product.go:207	Product not found	{"id": 45}
2026-03-08T00:18:18.576+0700	ERROR	usecase/product.go:126	Failed to get product	{"id": 45, "error": "product not found"}
2026-03-08T00:18:25.911+0700	INFO	repository/product.go:189	Get product by id	{"id": 44}
2026-03-08T00:18:32.431+0700	INFO	repository/product.go:189	Get product by id	{"id": 47}
2026-03-08T00:18:32.433+0700	WARN	repository/product.go:207	Product not found	{"id": 47}
2026-03-08T00:18:32.434+0700	ERROR	usecase/product.go:126	Failed to get product	{"id": 47, "error": "product not found"}
2026-03-08T00:18:42.811+0700	INFO	repository/product.go:189	Get product by id	{"id": 48}
2026-03-08T00:18:42.813+0700	WARN	repository/product.go:207	Product not found	{"id": 48}
2026-03-08T00:18:42.814+0700	ERROR	usecase/product.go:126	Failed to get product	{"id": 48, "error": "product not found"}
2026-03-08T00:18:46.948+0700	INFO	repository/product.go:189	Get product by id	{"id": 4}
2026-03-08T17:37:49.345+0700	INFO	repository/product.go:224	Get product by id	{"id": 4}
2026-03-08T17:39:00.649+0700	INFO	repository/product.go:224	Get product by id	{"id": 46}
2026-03-08T17:43:04.749+0700	INFO	repository/product.go:190	Get product details	{"id": 46}
2026-03-08T17:43:04.780+0700	WARN	repository/product.go:209	Product not found	{"id": 46}
2026-03-08T17:43:04.797+0700	ERROR	usecase/product.go:125	Failed to get product	{"id": 46, "error": "product not found"}
2026-03-08T17:56:19.298+0700	ERROR	usecase/shipping.go:36	Failed to get shipping origin address	{"error": "record not found"}
2026-03-08T17:56:19.415+0700	ERROR	usecase/shipping.go:53	Failed to get customer address	{"error": "record not found"}
2026-03-08T17:56:19.420+0700	ERROR	usecase/checkout.go:93	Error fetch shipping options	{"error": "record not found"}
2026-03-08T17:56:41.070+0700	ERROR	usecase/shipping.go:36	Failed to get shipping origin address	{"error": "record not found"}
2026-03-08T17:56:42.445+0700	ERROR	usecase/checkout.go:132	Error fetch promotions	{"error": "ERROR: column \"is_active\" does not exist (SQLSTATE 42703)"}
2026-03-08T18:01:03.915+0700	ERROR	usecase/shipping.go:36	Failed to get shipping origin address	{"error": "record not found"}
2026-03-08T18:09:06.989+0700	INFO	repository/product.go:46	Creating product	{"name": "Laptop ASUS 124A", "category_id": 1}
2026-03-08T18:09:07.469+0700	INFO	repository/product.go:59	Product created successfully	{"id": 47, "name": "Laptop ASUS 124A"}
2026-03-08T18:09:07.475+0700	INFO	repository/variant_type.go:47	Creating variant type	{"name": "color", "product_id": 47}
2026-03-08T18:09:07.485+0700	INFO	repository/variant_type.go:60	Variant type created successfully	{"id": 74, "name": "color"}
2026-03-08T18:09:07.485+0700	INFO	repository/variant_value.go:111	Creating variant value	{"value": "black", "variant_type_id": 74}
2026-03-08T18:09:07.532+0700	INFO	repository/variant_value.go:124	Variant value created successfully	{"id": 161, "value": "black"}
2026-03-08T18:09:07.533+0700	INFO	repository/variant_value.go:111	Creating variant value	{"value": "grey", "variant_type_id": 74}
2026-03-08T18:09:07.534+0700	INFO	repository/variant_value.go:124	Variant value created successfully	{"id": 162, "value": "grey"}
2026-03-08T18:09:07.534+0700	INFO	repository/variant_type.go:47	Creating variant type	{"name": "storage", "product_id": 47}
2026-03-08T18:09:07.536+0700	INFO	repository/variant_type.go:60	Variant type created successfully	{"id": 75, "name": "storage"}
2026-03-08T18:09:07.537+0700	INFO	repository/variant_value.go:111	Creating variant value	{"value": "128GB", "variant_type_id": 75}
2026-03-08T18:09:07.539+0700	INFO	repository/variant_value.go:124	Variant value created successfully	{"id": 163, "value": "128GB"}
2026-03-08T18:09:07.540+0700	INFO	repository/variant_value.go:111	Creating variant value	{"value": "256GB", "variant_type_id": 75}
2026-03-08T18:09:07.541+0700	INFO	repository/variant_value.go:124	Variant value created successfully	{"id": 164, "value": "256GB"}
2026-03-08T18:09:07.591+0700	INFO	repository/product.go:224	Get product by id	{"id": 47}
2026-03-08T18:09:07.609+0700	INFO	repository/sku.go:77	Creating SKU	{"product_id": 47, "sku_code": "laptop-asus-124a-black-128GB-1772968147609971300"}
2026-03-08T18:09:07.646+0700	INFO	repository/sku.go:90	SKU created successfully	{"id": 161, "sku_code": "laptop-asus-124a-black-128GB-1772968147609971300"}
2026-03-08T18:09:07.649+0700	INFO	repository/sku.go:151	Creating SKU	{"sku_id": 161, "variant_value_id": 161}
2026-03-08T18:09:07.675+0700	INFO	repository/sku.go:164	SKU created successfully	{"id": 161, "sku_id": 161}
2026-03-08T18:09:07.675+0700	INFO	repository/sku.go:151	Creating SKU	{"sku_id": 161, "variant_value_id": 163}
2026-03-08T18:09:07.676+0700	INFO	repository/sku.go:164	SKU created successfully	{"id": 162, "sku_id": 161}
2026-03-08T18:09:07.676+0700	INFO	repository/product.go:224	Get product by id	{"id": 47}
2026-03-08T18:09:07.687+0700	INFO	repository/sku.go:77	Creating SKU	{"product_id": 47, "sku_code": "laptop-asus-124a-black-256GB-1772968147687304800"}
2026-03-08T18:09:07.697+0700	INFO	repository/sku.go:90	SKU created successfully	{"id": 162, "sku_code": "laptop-asus-124a-black-256GB-1772968147687304800"}
2026-03-08T18:09:07.697+0700	INFO	repository/sku.go:151	Creating SKU	{"sku_id": 162, "variant_value_id": 161}
2026-03-08T18:09:07.699+0700	INFO	repository/sku.go:164	SKU created successfully	{"id": 163, "sku_id": 162}
2026-03-08T18:09:07.699+0700	INFO	repository/sku.go:151	Creating SKU	{"sku_id": 162, "variant_value_id": 164}
2026-03-08T18:09:07.700+0700	INFO	repository/sku.go:164	SKU created successfully	{"id": 164, "sku_id": 162}
2026-03-08T18:09:07.701+0700	INFO	repository/product.go:224	Get product by id	{"id": 47}
2026-03-08T18:09:07.720+0700	INFO	repository/sku.go:77	Creating SKU	{"product_id": 47, "sku_code": "laptop-asus-124a-grey-128GB-1772968147720247200"}
2026-03-08T18:09:07.721+0700	INFO	repository/sku.go:90	SKU created successfully	{"id": 163, "sku_code": "laptop-asus-124a-grey-128GB-1772968147720247200"}
2026-03-08T18:09:07.722+0700	INFO	repository/sku.go:151	Creating SKU	{"sku_id": 163, "variant_value_id": 162}
2026-03-08T18:09:07.725+0700	INFO	repository/sku.go:164	SKU created successfully	{"id": 165, "sku_id": 163}
2026-03-08T18:09:07.726+0700	INFO	repository/sku.go:151	Creating SKU	{"sku_id": 163, "variant_value_id": 163}
2026-03-08T18:09:07.731+0700	INFO	repository/sku.go:164	SKU created successfully	{"id": 166, "sku_id": 163}
2026-03-08T18:09:07.731+0700	INFO	repository/product.go:224	Get product by id	{"id": 47}
2026-03-08T18:09:07.753+0700	INFO	repository/sku.go:77	Creating SKU	{"product_id": 47, "sku_code": "laptop-asus-124a-grey-256GB-1772968147753150200"}
2026-03-08T18:09:07.756+0700	INFO	repository/sku.go:90	SKU created successfully	{"id": 164, "sku_code": "laptop-asus-124a-grey-256GB-1772968147753150200"}
2026-03-08T18:09:07.757+0700	INFO	repository/sku.go:151	Creating SKU	{"sku_id": 164, "variant_value_id": 162}
2026-03-08T18:09:07.759+0700	INFO	repository/sku.go:164	SKU created successfully	{"id": 167, "sku_id": 164}
2026-03-08T18:09:07.759+0700	INFO	repository/sku.go:151	Creating SKU	{"sku_id": 164, "variant_value_id": 164}
2026-03-08T18:09:07.760+0700	INFO	repository/sku.go:164	SKU created successfully	{"id": 168, "sku_id": 164}
2026-03-08T18:09:20.780+0700	INFO	repository/product.go:224	Get product by id	{"id": 47}
2026-03-08T18:10:24.028+0700	INFO	repository/product.go:224	Get product by id	{"id": 47}
2026-03-08T18:12:05.151+0700	INFO	repository/variant_value.go:111	Creating variant value	{"value": "navy", "variant_type_id": 74}
2026-03-08T18:12:05.174+0700	INFO	repository/variant_value.go:124	Variant value created successfully	{"id": 165, "value": "navy"}
2026-03-08T18:12:05.196+0700	INFO	repository/product.go:224	Get product by id	{"id": 47}
2026-03-08T18:12:05.231+0700	INFO	repository/sku.go:77	Creating SKU	{"product_id": 47, "sku_code": "laptop-asus-124a-128GB-navy-1772968325231419000"}
2026-03-08T18:12:05.251+0700	INFO	repository/sku.go:90	SKU created successfully	{"id": 165, "sku_code": "laptop-asus-124a-128GB-navy-1772968325231419000"}
2026-03-08T18:12:05.254+0700	INFO	repository/sku.go:151	Creating SKU	{"sku_id": 165, "variant_value_id": 163}
2026-03-08T18:12:05.258+0700	INFO	repository/sku.go:164	SKU created successfully	{"id": 169, "sku_id": 165}
2026-03-08T18:12:05.258+0700	INFO	repository/sku.go:151	Creating SKU	{"sku_id": 165, "variant_value_id": 165}
2026-03-08T18:12:05.260+0700	INFO	repository/sku.go:164	SKU created successfully	{"id": 170, "sku_id": 165}
2026-03-08T18:12:05.261+0700	INFO	repository/product.go:224	Get product by id	{"id": 47}
2026-03-08T18:12:05.291+0700	INFO	repository/sku.go:77	Creating SKU	{"product_id": 47, "sku_code": "laptop-asus-124a-256GB-navy-1772968325291234000"}
2026-03-08T18:12:05.297+0700	INFO	repository/sku.go:90	SKU created successfully	{"id": 166, "sku_code": "laptop-asus-124a-256GB-navy-1772968325291234000"}
2026-03-08T18:12:05.297+0700	INFO	repository/sku.go:151	Creating SKU	{"sku_id": 166, "variant_value_id": 164}
2026-03-08T18:12:05.299+0700	INFO	repository/sku.go:164	SKU created successfully	{"id": 171, "sku_id": 166}
2026-03-08T18:12:05.300+0700	INFO	repository/sku.go:151	Creating SKU	{"sku_id": 166, "variant_value_id": 165}
2026-03-08T18:12:05.301+0700	INFO	repository/sku.go:164	SKU created successfully	{"id": 172, "sku_id": 166}
