2026-03-27T06:54:45.243+0700	ERROR	usecase/shipping.go:38	Failed to get shipping origin address	{"error": "record not found"}
2026-03-27T07:08:41.342+0700	ERROR	usecase/shipping.go:38	Failed to get shipping origin address	{"error": "record not found"}
2026-03-27T07:13:51.622+0700	ERROR	usecase/shipping.go:38	Failed to get shipping origin address	{"error": "record not found"}
2026-03-27T07:14:03.460+0700	ERROR	usecase/shipping.go:38	Failed to get shipping origin address	{"error": "record not found"}
2026-03-27T07:14:24.716+0700	ERROR	usecase/shipping.go:38	Failed to get shipping origin address	{"error": "record not found"}
2026-03-27T07:28:37.902+0700	ERROR	usecase/shipping.go:38	Failed to get shipping origin address	{"error": "record not found"}
2026-03-27T07:30:10.644+0700	ERROR	usecase/shipping.go:38	Failed to get shipping origin address	{"error": "record not found"}
2026-03-27T07:31:48.818+0700	ERROR	usecase/shipping.go:38	Failed to get shipping origin address	{"error": "record not found"}
2026-03-27T07:37:13.657+0700	ERROR	usecase/shipping.go:38	Failed to get shipping origin address	{"error": "record not found"}
2026-03-27T07:37:39.037+0700	ERROR	usecase/shipping.go:38	Failed to get shipping origin address	{"error": "record not found"}
2026-03-27T07:38:37.876+0700	ERROR	usecase/shipping.go:38	Failed to get shipping origin address	{"error": "record not found"}
2026-03-27T07:38:41.562+0700	ERROR	usecase/shipping.go:38	Failed to get shipping origin address	{"error": "record not found"}
2026-03-27T07:40:38.816+0700	ERROR	usecase/shipping.go:38	Failed to get shipping origin address	{"error": "record not found"}
2026-03-27T07:40:42.563+0700	ERROR	usecase/shipping.go:38	Failed to get shipping origin address	{"error": "record not found"}
2026-03-27T08:00:38.356+0700	ERROR	usecase/shipping.go:38	Failed to get shipping origin address	{"error": "record not found"}
2026-03-27T08:00:42.186+0700	ERROR	usecase/shipping.go:38	Failed to get shipping origin address	{"error": "record not found"}
2026-03-27T08:05:28.238+0700	ERROR	usecase/shipping.go:38	Failed to get shipping origin address	{"error": "record not found"}
2026-03-27T08:05:32.172+0700	ERROR	usecase/shipping.go:38	Failed to get shipping origin address	{"error": "record not found"}
2026-03-27T08:22:06.522+0700	ERROR	usecase/shipping.go:38	Failed to get shipping origin address	{"error": "record not found"}
2026-03-27T08:22:10.327+0700	ERROR	usecase/shipping.go:38	Failed to get shipping origin address	{"error": "record not found"}
2026-03-27T08:24:27.014+0700	ERROR	usecase/shipping.go:38	Failed to get shipping origin address	{"error": "record not found"}
2026-03-27T08:56:28.703+0700	ERROR	usecase/shipping.go:38	Failed to get shipping origin address	{"error": "record not found"}
2026-03-27T09:07:17.719+0700	ERROR	usecase/shipping.go:38	Failed to get shipping origin address	{"error": "record not found"}
2026-03-27T09:07:23.025+0700	ERROR	usecase/shipping.go:38	Failed to get shipping origin address	{"error": "record not found"}
2026-03-27T09:08:15.829+0700	ERROR	usecase/shipping.go:38	Failed to get shipping origin address	{"error": "record not found"}
2026-03-27T09:08:17.672+0700	ERROR	usecase/shipping.go:38	Failed to get shipping origin address	{"error": "record not found"}
2026-03-27T09:15:05.683+0700	ERROR	usecase/shipping.go:38	Failed to get shipping origin address	{"error": "record not found"}
2026-03-27T09:15:09.526+0700	ERROR	usecase/shipping.go:38	Failed to get shipping origin address	{"error": "record not found"}
2026-03-27T09:16:15.494+0700	ERROR	usecase/shipping.go:38	Failed to get shipping origin address	{"error": "record not found"}
2026-03-27T09:17:01.215+0700	ERROR	usecase/shipping.go:38	Failed to get shipping origin address	{"error": "record not found"}
2026-03-27T09:21:44.311+0700	ERROR	usecase/shipping.go:38	Failed to get shipping origin address	{"error": "record not found"}
2026-03-27T09:21:49.963+0700	ERROR	usecase/shipping.go:38	Failed to get shipping origin address	{"error": "record not found"}
2026-03-27T09:22:36.100+0700	ERROR	usecase/shipping.go:38	Failed to get shipping origin address	{"error": "record not found"}
2026-03-27T09:23:20.619+0700	ERROR	usecase/shipping.go:38	Failed to get shipping origin address	{"error": "record not found"}
2026-03-27T09:23:48.822+0700	ERROR	usecase/shipping.go:38	Failed to get shipping origin address	{"error": "record not found"}
2026-03-27T09:24:10.780+0700	ERROR	usecase/shipping.go:38	Failed to get shipping origin address	{"error": "record not found"}
2026-03-27T09:24:13.200+0700	ERROR	usecase/shipping.go:38	Failed to get shipping origin address	{"error": "record not found"}
2026-03-27T09:25:10.702+0700	ERROR	usecase/shipping.go:38	Failed to get shipping origin address	{"error": "record not found"}
2026-03-27T09:25:40.246+0700	ERROR	usecase/shipping.go:38	Failed to get shipping origin address	{"error": "record not found"}
2026-03-27T09:26:52.101+0700	ERROR	usecase/shipping.go:38	Failed to get shipping origin address	{"error": "record not found"}
2026-03-27T09:27:10.738+0700	ERROR	usecase/shipping.go:38	Failed to get shipping origin address	{"error": "record not found"}
2026-03-27T09:27:12.884+0700	ERROR	usecase/shipping.go:38	Failed to get shipping origin address	{"error": "record not found"}
2026-03-27T09:30:56.372+0700	ERROR	usecase/shipping.go:38	Failed to get shipping origin address	{"error": "record not found"}
2026-03-27T09:31:12.230+0700	ERROR	usecase/shipping.go:38	Failed to get shipping origin address	{"error": "record not found"}
2026-03-27T09:31:15.297+0700	ERROR	usecase/shipping.go:38	Failed to get shipping origin address	{"error": "record not found"}
2026-03-27T09:31:31.969+0700	ERROR	usecase/shipping.go:38	Failed to get shipping origin address	{"error": "record not found"}
2026-03-27T09:33:41.825+0700	ERROR	usecase/shipping.go:38	Failed to get shipping origin address	{"error": "record not found"}
2026-03-27T09:34:15.979+0700	ERROR	usecase/shipping.go:38	Failed to get shipping origin address	{"error": "record not found"}
2026-03-27T09:34:30.123+0700	ERROR	usecase/shipping.go:38	Failed to get shipping origin address	{"error": "record not found"}
2026-03-27T09:34:33.540+0700	ERROR	usecase/shipping.go:38	Failed to get shipping origin address	{"error": "record not found"}
2026-03-27T09:36:24.996+0700	ERROR	usecase/shipping.go:38	Failed to get shipping origin address	{"error": "record not found"}
2026-03-27T09:38:32.140+0700	ERROR	usecase/shipping.go:38	Failed to get shipping origin address	{"error": "record not found"}
2026-03-27T09:38:59.133+0700	ERROR	usecase/shipping.go:38	Failed to get shipping origin address	{"error": "record not found"}
2026-03-27T09:41:27.670+0700	ERROR	usecase/shipping.go:38	Failed to get shipping origin address	{"error": "record not found"}
2026-03-27T09:41:51.816+0700	ERROR	usecase/shipping.go:38	Failed to get shipping origin address	{"error": "record not found"}
2026-03-27T09:41:53.775+0700	ERROR	usecase/shipping.go:38	Failed to get shipping origin address	{"error": "record not found"}
2026-03-27T09:44:59.092+0700	ERROR	usecase/shipping.go:38	Failed to get shipping origin address	{"error": "record not found"}
2026-03-27T09:46:56.867+0700	ERROR	usecase/shipping.go:38	Failed to get shipping origin address	{"error": "record not found"}
2026-03-27T09:47:10.057+0700	ERROR	usecase/shipping.go:38	Failed to get shipping origin address	{"error": "record not found"}
2026-03-27T09:48:17.990+0700	ERROR	usecase/shipping.go:38	Failed to get shipping origin address	{"error": "record not found"}
2026-03-27T09:48:44.214+0700	ERROR	usecase/shipping.go:38	Failed to get shipping origin address	{"error": "record not found"}
2026-03-27T09:48:47.527+0700	ERROR	usecase/shipping.go:38	Failed to get shipping origin address	{"error": "record not found"}
2026-03-27T09:49:39.938+0700	ERROR	usecase/shipping.go:38	Failed to get shipping origin address	{"error": "record not found"}
2026-03-27T09:53:21.291+0700	ERROR	usecase/shipping.go:38	Failed to get shipping origin address	{"error": "record not found"}
2026-03-27T09:53:34.715+0700	ERROR	usecase/shipping.go:38	Failed to get shipping origin address	{"error": "record not found"}
2026-03-27T09:53:38.213+0700	ERROR	usecase/shipping.go:38	Failed to get shipping origin address	{"error": "record not found"}
2026-03-27T09:55:44.656+0700	ERROR	usecase/shipping.go:38	Failed to get shipping origin address	{"error": "record not found"}
2026-03-27T09:57:50.747+0700	ERROR	usecase/shipping.go:38	Failed to get shipping origin address	{"error": "record not found"}
2026-03-27T09:58:04.035+0700	ERROR	usecase/shipping.go:38	Failed to get shipping origin address	{"error": "record not found"}
2026-03-27T09:58:20.394+0700	ERROR	usecase/shipping.go:38	Failed to get shipping origin address	{"error": "record not found"}
2026-03-27T09:58:22.215+0700	ERROR	usecase/shipping.go:38	Failed to get shipping origin address	{"error": "record not found"}
2026-03-27T10:04:40.949+0700	ERROR	usecase/shipping.go:38	Failed to get shipping origin address	{"error": "record not found"}
2026-03-27T10:05:00.128+0700	ERROR	usecase/shipping.go:38	Failed to get shipping origin address	{"error": "record not found"}
2026-03-27T10:05:04.520+0700	ERROR	usecase/shipping.go:38	Failed to get shipping origin address	{"error": "record not found"}
2026-03-27T10:12:35.714+0700	ERROR	usecase/shipping.go:38	Failed to get shipping origin address	{"error": "record not found"}
2026-03-27T10:12:55.061+0700	ERROR	usecase/shipping.go:38	Failed to get shipping origin address	{"error": "record not found"}
2026-03-27T12:55:49.542+0700	ERROR	usecase/shipping.go:38	Failed to get shipping origin address	{"error": "record not found"}
2026-03-27T12:55:52.676+0700	ERROR	usecase/shipping.go:38	Failed to get shipping origin address	{"error": "record not found"}
2026-03-27T12:58:28.023+0700	ERROR	usecase/shipping.go:38	Failed to get shipping origin address	{"error": "record not found"}
2026-03-27T12:58:39.600+0700	ERROR	usecase/shipping.go:38	Failed to get shipping origin address	{"error": "record not found"}
2026-03-27T12:58:45.767+0700	ERROR	usecase/shipping.go:38	Failed to get shipping origin address	{"error": "record not found"}
2026-03-27T12:58:48.636+0700	ERROR	usecase/shipping.go:38	Failed to get shipping origin address	{"error": "record not found"}
2026-03-27T12:59:35.798+0700	ERROR	usecase/shipping.go:38	Failed to get shipping origin address	{"error": "record not found"}
2026-03-27T13:00:06.710+0700	ERROR	usecase/shipping.go:38	Failed to get shipping origin address	{"error": "record not found"}
2026-03-27T13:00:08.957+0700	ERROR	usecase/shipping.go:38	Failed to get shipping origin address	{"error": "record not found"}
2026-03-27T13:01:25.380+0700	ERROR	usecase/shipping.go:38	Failed to get shipping origin address	{"error": "record not found"}
2026-03-27T13:01:56.664+0700	ERROR	usecase/shipping.go:38	Failed to get shipping origin address	{"error": "record not found"}
2026-03-27T13:01:59.290+0700	ERROR	usecase/shipping.go:38	Failed to get shipping origin address	{"error": "record not found"}
2026-03-27T13:02:37.191+0700	ERROR	usecase/shipping.go:38	Failed to get shipping origin address	{"error": "record not found"}
2026-03-27T13:02:48.011+0700	ERROR	usecase/shipping.go:38	Failed to get shipping origin address	{"error": "record not found"}
2026-03-27T13:02:49.818+0700	ERROR	usecase/shipping.go:38	Failed to get shipping origin address	{"error": "record not found"}
2026-03-27T13:04:00.097+0700	ERROR	usecase/shipping.go:38	Failed to get shipping origin address	{"error": "record not found"}
2026-03-27T13:04:12.386+0700	ERROR	usecase/shipping.go:38	Failed to get shipping origin address	{"error": "record not found"}
2026-03-27T13:04:23.271+0700	ERROR	usecase/shipping.go:38	Failed to get shipping origin address	{"error": "record not found"}
2026-03-27T13:04:25.272+0700	ERROR	usecase/shipping.go:38	Failed to get shipping origin address	{"error": "record not found"}
2026-03-27T13:08:16.069+0700	ERROR	usecase/shipping.go:38	Failed to get shipping origin address	{"error": "record not found"}
2026-03-27T13:08:39.343+0700	ERROR	usecase/shipping.go:38	Failed to get shipping origin address	{"error": "record not found"}
2026-03-27T13:08:41.646+0700	ERROR	usecase/shipping.go:38	Failed to get shipping origin address	{"error": "record not found"}
2026-03-27T13:10:08.659+0700	ERROR	usecase/shipping.go:38	Failed to get shipping origin address	{"error": "record not found"}
2026-03-27T13:14:48.201+0700	ERROR	usecase/shipping.go:38	Failed to get shipping origin address	{"error": "record not found"}
2026-03-27T13:14:49.410+0700	ERROR	usecase/shipping.go:103	Error decode shipping options	{"error": "failed fetch https://rajaongkir.komerce.id/api/v1/calculate/district/domestic-cost: status 429"}
2026-03-27T13:15:10.292+0700	ERROR	usecase/shipping.go:38	Failed to get shipping origin address	{"error": "record not found"}
2026-03-27T13:15:10.625+0700	ERROR	usecase/shipping.go:103	Error decode shipping options	{"error": "failed fetch https://rajaongkir.komerce.id/api/v1/calculate/district/domestic-cost: status 429"}
2026-03-27T13:19:02.221+0700	ERROR	usecase/shipping.go:38	Failed to get shipping origin address	{"error": "record not found"}
2026-03-27T13:19:03.676+0700	ERROR	usecase/shipping.go:103	Error decode shipping options	{"error": "failed fetch https://rajaongkir.komerce.id/api/v1/calculate/district/domestic-cost: status 429"}
2026-03-27T13:21:01.937+0700	ERROR	usecase/shipping.go:38	Failed to get shipping origin address	{"error": "record not found"}
2026-03-27T13:21:02.993+0700	ERROR	usecase/shipping.go:103	Error decode shipping options	{"error": "failed fetch https://rajaongkir.komerce.id/api/v1/calculate/district/domestic-cost: status 429"}
2026-03-27T13:21:18.792+0700	ERROR	usecase/shipping.go:38	Failed to get shipping origin address	{"error": "record not found"}
2026-03-27T13:21:18.910+0700	ERROR	usecase/shipping.go:103	Error decode shipping options	{"error": "failed fetch https://rajaongkir.komerce.id/api/v1/calculate/district/domestic-cost: status 429"}
2026-03-27T13:22:53.541+0700	ERROR	usecase/shipping.go:38	Failed to get shipping origin address	{"error": "record not found"}
2026-03-27T13:22:54.571+0700	ERROR	usecase/shipping.go:103	Error decode shipping options	{"error": "failed fetch https://rajaongkir.komerce.id/api/v1/calculate/district/domestic-cost: status 429"}
2026-03-27T13:23:24.746+0700	ERROR	usecase/shipping.go:38	Failed to get shipping origin address	{"error": "record not found"}
2026-03-27T13:23:25.179+0700	ERROR	usecase/shipping.go:103	Error decode shipping options	{"error": "failed fetch https://rajaongkir.komerce.id/api/v1/calculate/district/domestic-cost: status 429"}
2026-03-27T13:23:52.005+0700	ERROR	usecase/shipping.go:38	Failed to get shipping origin address	{"error": "record not found"}
2026-03-27T13:23:52.424+0700	ERROR	usecase/shipping.go:103	Error decode shipping options	{"error": "failed fetch https://rajaongkir.komerce.id/api/v1/calculate/district/domestic-cost: status 429"}
2026-03-27T13:23:56.335+0700	ERROR	usecase/shipping.go:38	Failed to get shipping origin address	{"error": "record not found"}
2026-03-27T13:23:56.816+0700	ERROR	usecase/shipping.go:103	Error decode shipping options	{"error": "failed fetch https://rajaongkir.komerce.id/api/v1/calculate/district/domestic-cost: status 429"}
2026-03-27T13:29:50.184+0700	ERROR	usecase/shipping.go:38	Failed to get shipping origin address	{"error": "record not found"}
2026-03-27T13:29:51.884+0700	ERROR	usecase/shipping.go:103	Error decode shipping options	{"error": "failed fetch https://rajaongkir.komerce.id/api/v1/calculate/district/domestic-cost: status 429"}
2026-03-27T13:30:06.349+0700	ERROR	usecase/shipping.go:38	Failed to get shipping origin address	{"error": "record not found"}
2026-03-27T13:30:06.754+0700	ERROR	usecase/shipping.go:103	Error decode shipping options	{"error": "failed fetch https://rajaongkir.komerce.id/api/v1/calculate/district/domestic-cost: status 429"}
2026-03-27T13:30:22.426+0700	ERROR	usecase/shipping.go:38	Failed to get shipping origin address	{"error": "record not found"}
2026-03-27T13:30:23.020+0700	ERROR	usecase/shipping.go:103	Error decode shipping options	{"error": "failed fetch https://rajaongkir.komerce.id/api/v1/calculate/district/domestic-cost: status 429"}
2026-03-27T13:31:51.623+0700	ERROR	usecase/shipping.go:38	Failed to get shipping origin address	{"error": "record not found"}
2026-03-27T13:31:52.198+0700	ERROR	usecase/shipping.go:103	Error decode shipping options	{"error": "failed fetch https://rajaongkir.komerce.id/api/v1/calculate/district/domestic-cost: status 429"}
2026-03-27T13:32:13.435+0700	ERROR	usecase/shipping.go:38	Failed to get shipping origin address	{"error": "record not found"}
2026-03-27T13:32:13.824+0700	ERROR	usecase/shipping.go:103	Error decode shipping options	{"error": "failed fetch https://rajaongkir.komerce.id/api/v1/calculate/district/domestic-cost: status 429"}
2026-03-27T13:32:17.414+0700	ERROR	usecase/shipping.go:38	Failed to get shipping origin address	{"error": "record not found"}
2026-03-27T13:32:18.011+0700	ERROR	usecase/shipping.go:103	Error decode shipping options	{"error": "failed fetch https://rajaongkir.komerce.id/api/v1/calculate/district/domestic-cost: status 429"}
2026-03-27T13:44:12.916+0700	ERROR	usecase/shipping.go:38	Failed to get shipping origin address	{"error": "record not found"}
2026-03-27T13:44:18.181+0700	ERROR	usecase/shipping.go:103	Error decode shipping options	{"error": "failed fetch https://rajaongkir.komerce.id/api/v1/calculate/district/domestic-cost: status 429"}
2026-03-27T13:44:21.719+0700	ERROR	usecase/shipping.go:38	Failed to get shipping origin address	{"error": "record not found"}
2026-03-27T13:44:22.082+0700	ERROR	usecase/shipping.go:103	Error decode shipping options	{"error": "failed fetch https://rajaongkir.komerce.id/api/v1/calculate/district/domestic-cost: status 429"}
2026-03-27T13:49:50.994+0700	ERROR	usecase/shipping.go:38	Failed to get shipping origin address	{"error": "record not found"}
2026-03-27T13:49:56.954+0700	ERROR	usecase/shipping.go:103	Error decode shipping options	{"error": "failed fetch https://rajaongkir.komerce.id/api/v1/calculate/district/domestic-cost: status 429"}
2026-03-27T14:00:33.020+0700	ERROR	usecase/shipping.go:38	Failed to get shipping origin address	{"error": "record not found"}
2026-03-27T14:00:37.219+0700	ERROR	usecase/shipping.go:103	Error decode shipping options	{"error": "failed fetch https://rajaongkir.komerce.id/api/v1/calculate/district/domestic-cost: status 429"}
2026-03-27T14:00:38.922+0700	ERROR	usecase/shipping.go:38	Failed to get shipping origin address	{"error": "record not found"}
2026-03-27T14:00:39.395+0700	ERROR	usecase/shipping.go:103	Error decode shipping options	{"error": "failed fetch https://rajaongkir.komerce.id/api/v1/calculate/district/domestic-cost: status 429"}
2026-03-27T16:26:17.991+0700	INFO	repository/order.go:283	Mark orders as shipped...
2026-03-27T16:26:24.425+0700	INFO	repository/order.go:314	Successfully mark orders as shipped
2026-03-27T16:26:28.811+0700	ERROR	usecase/shipping.go:38	Failed to get shipping origin address	{"error": "record not found"}
2026-03-27T16:26:32.536+0700	ERROR	usecase/shipping.go:103	Error decode shipping options	{"error": "failed fetch https://rajaongkir.komerce.id/api/v1/calculate/district/domestic-cost: status 429"}
2026-03-27T16:28:03.677+0700	INFO	repository/order.go:44	Creating order	{"customer_id": 1}
2026-03-27T16:28:03.754+0700	INFO	repository/order.go:56	order created successfully	{"id": 10, "customer_id": 1}
2026-03-27T16:28:03.782+0700	INFO	repository/product.go:256	Get product by ids	{"id": [36]}
2026-03-27T16:28:03.811+0700	INFO	repository/order.go:65	Creating order items	{"order_ids": [{"ID":0,"CreatedAt":"0001-01-01T00:00:00Z","UpdatedAt":"0001-01-01T00:00:00Z","DeletedAt":null,"OrderID":10,"SKUID":115,"Quantity":2,"UnitPrice":2450000,"TotalPrice":4900000,"ProductSnapshot":{"id":36,"name":"Institutional Trays - Program Makan Bergizi Gratis \u0026 Sekolah","category":"Food Packaging","tags":["institutional","government","sekolah","program","makan bergizi gratis","BPOM","LKPP"],"main_image_url":"https://ecolipak.com/cdn/shop/files/14-in-disposable-cutting-resistant-compostable-traysbpi-certified-pfas-free-6290227.jpg?v=1762583270\u0026width=1024"},"SKUSnapshot":{"id":115,"sku_code":"GOV-1K-066-qyqfx","price":2450000,"sale_price":null,"variants":null},"SKU":{"ID":0,"CreatedAt":"0001-01-01T00:00:00Z","UpdatedAt":"0001-01-01T00:00:00Z","DeletedAt":null,"ProductID":0,"SKUCode":"","price":0,"sale_price":null,"stock":0,"min_stock":0,"status":"","weight_gram":0,"product":{"ID":0,"CreatedAt":"0001-01-01T00:00:00Z","UpdatedAt":"0001-01-01T00:00:00Z","DeletedAt":null,"category_id":0,"name":"","is_published":false,"slug":"","main_image_url":"","main_image_public_id":"","review_count":0,"sold_count":0,"min_price":0,"max_price":0,"category":{"ID":0,"CreatedAt":"0001-01-01T00:00:00Z","UpdatedAt":"0001-01-01T00:00:00Z","DeletedAt":null,"name":"","icon_public_id":""}},"SKUVariantValues":null}}]}
2026-03-27T16:28:03.866+0700	INFO	repository/order.go:76	Order item created successfully
2026-03-27T16:28:03.869+0700	INFO	repository/order.go:84	Creating order payment	{"order_id": 10, "payment_method_id": 0}
2026-03-27T16:28:03.878+0700	INFO	repository/order.go:98	Order payment created successfully	{"id": 7, "order_id": 10, "payment_method_id": 0}
2026-03-27T16:28:03.921+0700	INFO	repository/order.go:109	Creating order shipping	{"order_id": 10, "courier_name": "21 Express"}
2026-03-27T16:28:03.926+0700	INFO	repository/order.go:123	Order shipping created successfully	{"id": 7, "order_id": 10, "courier_name": "21 Express"}
2026-03-27T16:28:03.936+0700	INFO	usecase/order.go:47	CreateOrder duration	{"duration": "311.095ms"}
